2023-05-18 00:05:641 INFO  HomePage :46 - Acceptcookies:[[ChromeDriver: chrome on WINDOWS (34b03c5f675bf52e7ac8897f604de839)] -> xpath: //button[@id='save']]
2023-05-18 00:05:892 INFO  HomePage :51 - Enter job title:[[ChromeDriver: chrome on WINDOWS (34b03c5f675bf52e7ac8897f604de839)] -> id: keywords]
2023-05-18 00:05:214 INFO  HomePage :55 - Enter location:[[ChromeDriver: chrome on WINDOWS (34b03c5f675bf52e7ac8897f604de839)] -> id: location]
2023-05-18 00:05:579 INFO  HomePage :46 - Acceptcookies:[[ChromeDriver: chrome on WINDOWS (8a6f528badb45e03d8f481aedeae871f)] -> xpath: //button[@id='save']]
2023-05-18 00:05:11 INFO  HomePage :51 - Enter job title:[[ChromeDriver: chrome on WINDOWS (8a6f528badb45e03d8f481aedeae871f)] -> id: keywords]
2023-05-18 00:05:433 INFO  HomePage :55 - Enter location:[[ChromeDriver: chrome on WINDOWS (8a6f528badb45e03d8f481aedeae871f)] -> id: location]
2023-05-18 00:05:808 INFO  HomePage :52 - Acceptcookies:[[ChromeDriver: chrome on WINDOWS (f3c02c5e1d08a0b74f0f1e7eef3c8797)] -> xpath: //button[@id='save']]
2023-05-18 00:05:58 INFO  HomePage :58 - Enter job title:[[ChromeDriver: chrome on WINDOWS (f3c02c5e1d08a0b74f0f1e7eef3c8797)] -> id: keywords]
2023-05-18 00:05:196 INFO  HomePage :63 - Enter location:[[ChromeDriver: chrome on WINDOWS (f3c02c5e1d08a0b74f0f1e7eef3c8797)] -> id: location]
2023-05-18 00:05:586 INFO  HomePage :52 - Acceptcookies:[[ChromeDriver: chrome on WINDOWS (84bff68ae27705974ebc72633185fc45)] -> xpath: //button[@id='save']]
2023-05-18 00:05:50 INFO  HomePage :58 - Enter job title:[[ChromeDriver: chrome on WINDOWS (84bff68ae27705974ebc72633185fc45)] -> id: keywords]
2023-05-18 00:05:382 INFO  HomePage :63 - Enter location:[[ChromeDriver: chrome on WINDOWS (84bff68ae27705974ebc72633185fc45)] -> id: location]
2023-05-18 01:05:268 INFO  HomePage :74 - Acceptcookies:[[ChromeDriver: chrome on WINDOWS (5b19687947b915d91c0abeec37042477)] -> xpath: //button[@id='save']]
2023-05-18 01:05:201 INFO  HomePage :80 - Enter job title:[[ChromeDriver: chrome on WINDOWS (5b19687947b915d91c0abeec37042477)] -> id: keywords]
2023-05-18 01:05:424 INFO  HomePage :85 - Enter location:[[ChromeDriver: chrome on WINDOWS (5b19687947b915d91c0abeec37042477)] -> id: location]
2023-05-18 01:05:962 INFO  HomePage :74 - Acceptcookies:[[ChromeDriver: chrome on WINDOWS (a70cb3bfef75c23d51b9e73e61058b24)] -> xpath: //button[@id='save']]
2023-05-18 01:05:910 INFO  HomePage :80 - Enter job title:[[ChromeDriver: chrome on WINDOWS (a70cb3bfef75c23d51b9e73e61058b24)] -> id: keywords]
2023-05-18 01:05:150 INFO  HomePage :85 - Enter location:[[ChromeDriver: chrome on WINDOWS (a70cb3bfef75c23d51b9e73e61058b24)] -> id: location]
2023-05-18 01:05:161 INFO  HomePage :74 - Acceptcookies:[[ChromeDriver: chrome on WINDOWS (c2f59a384b77e60da27e327c778c4e50)] -> xpath: //button[@id='save']]
2023-05-18 01:05:657 INFO  HomePage :80 - Enter job title:[[ChromeDriver: chrome on WINDOWS (c2f59a384b77e60da27e327c778c4e50)] -> id: keywords]
2023-05-18 01:05:769 INFO  HomePage :85 - Enter location:[[ChromeDriver: chrome on WINDOWS (c2f59a384b77e60da27e327c778c4e50)] -> id: location]
2023-05-18 01:05:912 INFO  HomePage :90 - Select distance:[[ChromeDriver: chrome on WINDOWS (c2f59a384b77e60da27e327c778c4e50)] -> id: distance]
2023-05-18 01:05:94 INFO  HomePage :98 - Clicking on more search option :[[ChromeDriver: chrome on WINDOWS (c2f59a384b77e60da27e327c778c4e50)] -> id: toggle-hp-search]
2023-05-18 01:05:198 INFO  HomePage :104 - Enter minimum salary[[ChromeDriver: chrome on WINDOWS (c2f59a384b77e60da27e327c778c4e50)] -> id: salarymin]
2023-05-18 01:05:277 INFO  HomePage :109 - Enter maximum salary[[ChromeDriver: chrome on WINDOWS (c2f59a384b77e60da27e327c778c4e50)] -> id: salarymax]
2023-05-18 01:05:380 INFO  HomePage :115 - Select salary type from dropdown [[ChromeDriver: chrome on WINDOWS (c2f59a384b77e60da27e327c778c4e50)] -> id: salarytype]
2023-05-18 01:05:463 INFO  HomePage :121 - Select job from dropdown [[ChromeDriver: chrome on WINDOWS (c2f59a384b77e60da27e327c778c4e50)] -> id: tempperm]
2023-05-18 01:05:560 INFO  HomePage :125 - Clicking on:[[ChromeDriver: chrome on WINDOWS (c2f59a384b77e60da27e327c778c4e50)] -> id: hp-search-btn]
2023-05-18 01:05:39 INFO  HomePage :74 - Acceptcookies:[[ChromeDriver: chrome on WINDOWS (21784432742b2e79788353cda39fcec6)] -> xpath: //button[@id='save']]
2023-05-18 01:05:490 INFO  HomePage :80 - Enter job title:[[ChromeDriver: chrome on WINDOWS (21784432742b2e79788353cda39fcec6)] -> id: keywords]
2023-05-18 01:05:580 INFO  HomePage :85 - Enter location:[[ChromeDriver: chrome on WINDOWS (21784432742b2e79788353cda39fcec6)] -> id: location]
2023-05-18 01:05:698 INFO  HomePage :90 - Select distance:[[ChromeDriver: chrome on WINDOWS (21784432742b2e79788353cda39fcec6)] -> id: distance]
2023-05-18 01:05:795 INFO  HomePage :98 - Clicking on more search option :[[ChromeDriver: chrome on WINDOWS (21784432742b2e79788353cda39fcec6)] -> id: toggle-hp-search]
2023-05-18 01:05:09 INFO  HomePage :104 - Enter minimum salary[[ChromeDriver: chrome on WINDOWS (21784432742b2e79788353cda39fcec6)] -> id: salarymin]
2023-05-18 01:05:97 INFO  HomePage :109 - Enter maximum salary[[ChromeDriver: chrome on WINDOWS (21784432742b2e79788353cda39fcec6)] -> id: salarymax]
2023-05-18 01:05:173 INFO  HomePage :115 - Select salary type from dropdown [[ChromeDriver: chrome on WINDOWS (21784432742b2e79788353cda39fcec6)] -> id: salarytype]
2023-05-18 01:05:252 INFO  HomePage :121 - Select job from dropdown [[ChromeDriver: chrome on WINDOWS (21784432742b2e79788353cda39fcec6)] -> id: tempperm]
2023-05-18 01:05:351 INFO  HomePage :125 - Clicking on:[[ChromeDriver: chrome on WINDOWS (21784432742b2e79788353cda39fcec6)] -> id: hp-search-btn]
2023-05-18 01:05:435 INFO  HomePage :74 - Acceptcookies:[[ChromeDriver: chrome on WINDOWS (731d723838be00be70aa075906431f2b)] -> xpath: //button[@id='save']]
2023-05-18 01:05:903 INFO  HomePage :80 - Enter job title:[[ChromeDriver: chrome on WINDOWS (731d723838be00be70aa075906431f2b)] -> id: keywords]
2023-05-18 01:05:987 INFO  HomePage :85 - Enter location:[[ChromeDriver: chrome on WINDOWS (731d723838be00be70aa075906431f2b)] -> id: location]
2023-05-18 01:05:88 INFO  HomePage :90 - Select distance:[[ChromeDriver: chrome on WINDOWS (731d723838be00be70aa075906431f2b)] -> id: distance]
2023-05-18 01:05:388 INFO  HomePage :98 - Clicking on more search option :[[ChromeDriver: chrome on WINDOWS (731d723838be00be70aa075906431f2b)] -> id: toggle-hp-search]
2023-05-18 01:05:486 INFO  HomePage :104 - Enter minimum salary[[ChromeDriver: chrome on WINDOWS (731d723838be00be70aa075906431f2b)] -> id: salarymin]
2023-05-18 01:05:588 INFO  HomePage :109 - Enter maximum salary[[ChromeDriver: chrome on WINDOWS (731d723838be00be70aa075906431f2b)] -> id: salarymax]
2023-05-18 01:05:683 INFO  HomePage :115 - Select salary type from dropdown [[ChromeDriver: chrome on WINDOWS (731d723838be00be70aa075906431f2b)] -> id: salarytype]
2023-05-18 01:05:775 INFO  HomePage :121 - Select job from dropdown [[ChromeDriver: chrome on WINDOWS (731d723838be00be70aa075906431f2b)] -> id: tempperm]
2023-05-18 01:05:878 INFO  HomePage :125 - Clicking on:[[ChromeDriver: chrome on WINDOWS (731d723838be00be70aa075906431f2b)] -> id: hp-search-btn]
2023-05-18 01:05:73 INFO  HomePage :74 - Acceptcookies:[[ChromeDriver: chrome on WINDOWS (743197b2b539c04ec7212bfa12a098ca)] -> xpath: //button[@id='save']]
2023-05-18 01:05:525 INFO  HomePage :80 - Enter job title:[[ChromeDriver: chrome on WINDOWS (743197b2b539c04ec7212bfa12a098ca)] -> id: keywords]
2023-05-18 01:05:634 INFO  HomePage :85 - Enter location:[[ChromeDriver: chrome on WINDOWS (743197b2b539c04ec7212bfa12a098ca)] -> id: location]
2023-05-18 01:05:740 INFO  HomePage :90 - Select distance:[[ChromeDriver: chrome on WINDOWS (743197b2b539c04ec7212bfa12a098ca)] -> id: distance]
2023-05-18 01:05:824 INFO  HomePage :98 - Clicking on more search option :[[ChromeDriver: chrome on WINDOWS (743197b2b539c04ec7212bfa12a098ca)] -> id: toggle-hp-search]
2023-05-18 01:05:965 INFO  HomePage :104 - Enter minimum salary[[ChromeDriver: chrome on WINDOWS (743197b2b539c04ec7212bfa12a098ca)] -> id: salarymin]
2023-05-18 01:05:50 INFO  HomePage :109 - Enter maximum salary[[ChromeDriver: chrome on WINDOWS (743197b2b539c04ec7212bfa12a098ca)] -> id: salarymax]
2023-05-18 01:05:150 INFO  HomePage :115 - Select salary type from dropdown [[ChromeDriver: chrome on WINDOWS (743197b2b539c04ec7212bfa12a098ca)] -> id: salarytype]
2023-05-18 01:05:223 INFO  HomePage :121 - Select job from dropdown [[ChromeDriver: chrome on WINDOWS (743197b2b539c04ec7212bfa12a098ca)] -> id: tempperm]
2023-05-18 01:05:319 INFO  HomePage :125 - Clicking on:[[ChromeDriver: chrome on WINDOWS (743197b2b539c04ec7212bfa12a098ca)] -> id: hp-search-btn]
2023-05-18 01:05:515 INFO  HomePage :74 - Acceptcookies:[[ChromeDriver: chrome on WINDOWS (232b384345f265f51c2693c45891f3e4)] -> xpath: //button[@id='save']]
2023-05-18 01:05:75 INFO  HomePage :80 - Enter job title:[[ChromeDriver: chrome on WINDOWS (232b384345f265f51c2693c45891f3e4)] -> id: keywords]
2023-05-18 01:05:196 INFO  HomePage :85 - Enter location:[[ChromeDriver: chrome on WINDOWS (232b384345f265f51c2693c45891f3e4)] -> id: location]
2023-05-18 01:05:328 INFO  HomePage :90 - Select distance:[[ChromeDriver: chrome on WINDOWS (232b384345f265f51c2693c45891f3e4)] -> id: distance]
2023-05-18 01:05:448 INFO  HomePage :98 - Clicking on more search option :[[ChromeDriver: chrome on WINDOWS (232b384345f265f51c2693c45891f3e4)] -> id: toggle-hp-search]
2023-05-18 01:05:617 INFO  HomePage :104 - Enter minimum salary[[ChromeDriver: chrome on WINDOWS (232b384345f265f51c2693c45891f3e4)] -> id: salarymin]
2023-05-18 01:05:712 INFO  HomePage :109 - Enter maximum salary[[ChromeDriver: chrome on WINDOWS (232b384345f265f51c2693c45891f3e4)] -> id: salarymax]
2023-05-18 01:05:827 INFO  HomePage :115 - Select salary type from dropdown [[ChromeDriver: chrome on WINDOWS (232b384345f265f51c2693c45891f3e4)] -> id: salarytype]
2023-05-18 01:05:918 INFO  HomePage :121 - Select job from dropdown [[ChromeDriver: chrome on WINDOWS (232b384345f265f51c2693c45891f3e4)] -> id: tempperm]
2023-05-18 01:05:23 INFO  HomePage :125 - Clicking on:[[ChromeDriver: chrome on WINDOWS (232b384345f265f51c2693c45891f3e4)] -> id: hp-search-btn]
2023-05-18 01:05:653 INFO  HomePage :74 - Acceptcookies:[[ChromeDriver: chrome on WINDOWS (424ea3cf47eccbb80b0655ae10cf9000)] -> xpath: //button[@id='save']]
2023-05-18 01:05:208 INFO  HomePage :80 - Enter job title:[[ChromeDriver: chrome on WINDOWS (424ea3cf47eccbb80b0655ae10cf9000)] -> id: keywords]
2023-05-18 01:05:320 INFO  HomePage :85 - Enter location:[[ChromeDriver: chrome on WINDOWS (424ea3cf47eccbb80b0655ae10cf9000)] -> id: location]
2023-05-18 01:05:512 INFO  HomePage :90 - Select distance:[[ChromeDriver: chrome on WINDOWS (424ea3cf47eccbb80b0655ae10cf9000)] -> id: distance]
2023-05-18 01:05:603 INFO  HomePage :98 - Clicking on more search option :[[ChromeDriver: chrome on WINDOWS (424ea3cf47eccbb80b0655ae10cf9000)] -> id: toggle-hp-search]
2023-05-18 01:05:802 INFO  HomePage :104 - Enter minimum salary[[ChromeDriver: chrome on WINDOWS (424ea3cf47eccbb80b0655ae10cf9000)] -> id: salarymin]
2023-05-18 01:05:893 INFO  HomePage :109 - Enter maximum salary[[ChromeDriver: chrome on WINDOWS (424ea3cf47eccbb80b0655ae10cf9000)] -> id: salarymax]
2023-05-18 01:05:988 INFO  HomePage :115 - Select salary type from dropdown [[ChromeDriver: chrome on WINDOWS (424ea3cf47eccbb80b0655ae10cf9000)] -> id: salarytype]
2023-05-18 01:05:69 INFO  HomePage :121 - Select job from dropdown [[ChromeDriver: chrome on WINDOWS (424ea3cf47eccbb80b0655ae10cf9000)] -> id: tempperm]
2023-05-18 01:05:169 INFO  HomePage :125 - Clicking on:[[ChromeDriver: chrome on WINDOWS (424ea3cf47eccbb80b0655ae10cf9000)] -> id: hp-search-btn]
2023-05-18 01:05:636 INFO  HomePage :74 - Acceptcookies:[[ChromeDriver: chrome on WINDOWS (3fe5172f2e72c0693866c91fb896434b)] -> xpath: //button[@id='save']]
2023-05-18 01:05:138 INFO  HomePage :80 - Enter job title:[[ChromeDriver: chrome on WINDOWS (3fe5172f2e72c0693866c91fb896434b)] -> id: keywords]
2023-05-18 01:05:240 INFO  HomePage :85 - Enter location:[[ChromeDriver: chrome on WINDOWS (3fe5172f2e72c0693866c91fb896434b)] -> id: location]
2023-05-18 01:05:366 INFO  HomePage :90 - Select distance:[[ChromeDriver: chrome on WINDOWS (3fe5172f2e72c0693866c91fb896434b)] -> id: distance]
2023-05-18 01:05:494 INFO  HomePage :98 - Clicking on more search option :[[ChromeDriver: chrome on WINDOWS (3fe5172f2e72c0693866c91fb896434b)] -> id: toggle-hp-search]
2023-05-18 01:05:627 INFO  HomePage :104 - Enter minimum salary[[ChromeDriver: chrome on WINDOWS (3fe5172f2e72c0693866c91fb896434b)] -> id: salarymin]
2023-05-18 01:05:729 INFO  HomePage :109 - Enter maximum salary[[ChromeDriver: chrome on WINDOWS (3fe5172f2e72c0693866c91fb896434b)] -> id: salarymax]
2023-05-18 01:05:821 INFO  HomePage :115 - Select salary type from dropdown [[ChromeDriver: chrome on WINDOWS (3fe5172f2e72c0693866c91fb896434b)] -> id: salarytype]
2023-05-18 01:05:905 INFO  HomePage :121 - Select job from dropdown [[ChromeDriver: chrome on WINDOWS (3fe5172f2e72c0693866c91fb896434b)] -> id: tempperm]
2023-05-18 01:05:11 INFO  HomePage :125 - Clicking on:[[ChromeDriver: chrome on WINDOWS (3fe5172f2e72c0693866c91fb896434b)] -> id: hp-search-btn]
2023-05-18 01:05:234 INFO  HomePage :74 - Acceptcookies:[[ChromeDriver: chrome on WINDOWS (c45707ee0091a13bac9e7a517bca2781)] -> xpath: //button[@id='save']]
2023-05-18 01:05:710 INFO  HomePage :80 - Enter job title:[[ChromeDriver: chrome on WINDOWS (c45707ee0091a13bac9e7a517bca2781)] -> id: keywords]
2023-05-18 01:05:819 INFO  HomePage :85 - Enter location:[[ChromeDriver: chrome on WINDOWS (c45707ee0091a13bac9e7a517bca2781)] -> id: location]
2023-05-18 01:05:958 INFO  HomePage :90 - Select distance:[[ChromeDriver: chrome on WINDOWS (c45707ee0091a13bac9e7a517bca2781)] -> id: distance]
2023-05-18 01:05:62 INFO  HomePage :98 - Clicking on more search option :[[ChromeDriver: chrome on WINDOWS (c45707ee0091a13bac9e7a517bca2781)] -> id: toggle-hp-search]
2023-05-18 01:05:245 INFO  HomePage :104 - Enter minimum salary[[ChromeDriver: chrome on WINDOWS (c45707ee0091a13bac9e7a517bca2781)] -> id: salarymin]
2023-05-18 01:05:327 INFO  HomePage :109 - Enter maximum salary[[ChromeDriver: chrome on WINDOWS (c45707ee0091a13bac9e7a517bca2781)] -> id: salarymax]
2023-05-18 01:05:419 INFO  HomePage :115 - Select salary type from dropdown [[ChromeDriver: chrome on WINDOWS (c45707ee0091a13bac9e7a517bca2781)] -> id: salarytype]
2023-05-18 01:05:495 INFO  HomePage :121 - Select job from dropdown [[ChromeDriver: chrome on WINDOWS (c45707ee0091a13bac9e7a517bca2781)] -> id: tempperm]
2023-05-18 01:05:589 INFO  HomePage :125 - Clicking on:[[ChromeDriver: chrome on WINDOWS (c45707ee0091a13bac9e7a517bca2781)] -> id: hp-search-btn]
2023-05-18 01:05:643 INFO  HomePage :74 - Acceptcookies:[[ChromeDriver: chrome on WINDOWS (a7c3ae386af3212fa0ff0047af0ab1c9)] -> xpath: //button[@id='save']]
2023-05-18 01:05:106 INFO  HomePage :80 - Enter job title:[[ChromeDriver: chrome on WINDOWS (a7c3ae386af3212fa0ff0047af0ab1c9)] -> id: keywords]
2023-05-18 01:05:191 INFO  HomePage :85 - Enter location:[[ChromeDriver: chrome on WINDOWS (a7c3ae386af3212fa0ff0047af0ab1c9)] -> id: location]
2023-05-18 01:05:304 INFO  HomePage :90 - Select distance:[[ChromeDriver: chrome on WINDOWS (a7c3ae386af3212fa0ff0047af0ab1c9)] -> id: distance]
2023-05-18 01:05:635 INFO  HomePage :98 - Clicking on more search option :[[ChromeDriver: chrome on WINDOWS (a7c3ae386af3212fa0ff0047af0ab1c9)] -> id: toggle-hp-search]
2023-05-18 01:05:759 INFO  HomePage :104 - Enter minimum salary[[ChromeDriver: chrome on WINDOWS (a7c3ae386af3212fa0ff0047af0ab1c9)] -> id: salarymin]
2023-05-18 01:05:841 INFO  HomePage :109 - Enter maximum salary[[ChromeDriver: chrome on WINDOWS (a7c3ae386af3212fa0ff0047af0ab1c9)] -> id: salarymax]
2023-05-18 01:05:927 INFO  HomePage :115 - Select salary type from dropdown [[ChromeDriver: chrome on WINDOWS (a7c3ae386af3212fa0ff0047af0ab1c9)] -> id: salarytype]
2023-05-18 01:05:05 INFO  HomePage :121 - Select job from dropdown [[ChromeDriver: chrome on WINDOWS (a7c3ae386af3212fa0ff0047af0ab1c9)] -> id: tempperm]
2023-05-18 01:05:108 INFO  HomePage :125 - Clicking on:[[ChromeDriver: chrome on WINDOWS (a7c3ae386af3212fa0ff0047af0ab1c9)] -> id: hp-search-btn]
2023-05-18 01:05:227 INFO  HomePage :74 - Acceptcookies:[[ChromeDriver: chrome on WINDOWS (1f8cf85f9dca9213ce681583fda7c1cc)] -> xpath: //button[@id='save']]
2023-05-18 01:05:716 INFO  HomePage :80 - Enter job title:[[ChromeDriver: chrome on WINDOWS (1f8cf85f9dca9213ce681583fda7c1cc)] -> id: keywords]
2023-05-18 01:05:826 INFO  HomePage :85 - Enter location:[[ChromeDriver: chrome on WINDOWS (1f8cf85f9dca9213ce681583fda7c1cc)] -> id: location]
2023-05-18 01:05:937 INFO  HomePage :90 - Select distance:[[ChromeDriver: chrome on WINDOWS (1f8cf85f9dca9213ce681583fda7c1cc)] -> id: distance]
2023-05-18 01:05:39 INFO  HomePage :98 - Clicking on more search option :[[ChromeDriver: chrome on WINDOWS (1f8cf85f9dca9213ce681583fda7c1cc)] -> id: toggle-hp-search]
2023-05-18 01:05:239 INFO  HomePage :104 - Enter minimum salary[[ChromeDriver: chrome on WINDOWS (1f8cf85f9dca9213ce681583fda7c1cc)] -> id: salarymin]
2023-05-18 01:05:316 INFO  HomePage :109 - Enter maximum salary[[ChromeDriver: chrome on WINDOWS (1f8cf85f9dca9213ce681583fda7c1cc)] -> id: salarymax]
2023-05-18 01:05:399 INFO  HomePage :115 - Select salary type from dropdown [[ChromeDriver: chrome on WINDOWS (1f8cf85f9dca9213ce681583fda7c1cc)] -> id: salarytype]
2023-05-18 01:05:475 INFO  HomePage :121 - Select job from dropdown [[ChromeDriver: chrome on WINDOWS (1f8cf85f9dca9213ce681583fda7c1cc)] -> id: tempperm]
2023-05-18 01:05:576 INFO  HomePage :125 - Clicking on:[[ChromeDriver: chrome on WINDOWS (1f8cf85f9dca9213ce681583fda7c1cc)] -> id: hp-search-btn]
2023-05-18 01:05:933 INFO  HomePage :74 - Acceptcookies:[[ChromeDriver: chrome on WINDOWS (cb8cac95f16d01a5a261161ce225719d)] -> xpath: //button[@id='save']]
2023-05-18 01:05:654 INFO  HomePage :80 - Enter job title:[[ChromeDriver: chrome on WINDOWS (cb8cac95f16d01a5a261161ce225719d)] -> id: keywords]
2023-05-18 01:05:834 INFO  HomePage :85 - Enter location:[[ChromeDriver: chrome on WINDOWS (cb8cac95f16d01a5a261161ce225719d)] -> id: location]
2023-05-18 01:05:922 INFO  HomePage :90 - Select distance:[[ChromeDriver: chrome on WINDOWS (cb8cac95f16d01a5a261161ce225719d)] -> id: distance]
2023-05-18 01:05:53 INFO  HomePage :98 - Clicking on more search option :[[ChromeDriver: chrome on WINDOWS (cb8cac95f16d01a5a261161ce225719d)] -> id: toggle-hp-search]
2023-05-18 01:05:239 INFO  HomePage :104 - Enter minimum salary[[ChromeDriver: chrome on WINDOWS (cb8cac95f16d01a5a261161ce225719d)] -> id: salarymin]
2023-05-18 01:05:358 INFO  HomePage :109 - Enter maximum salary[[ChromeDriver: chrome on WINDOWS (cb8cac95f16d01a5a261161ce225719d)] -> id: salarymax]
2023-05-18 01:05:477 INFO  HomePage :115 - Select salary type from dropdown [[ChromeDriver: chrome on WINDOWS (cb8cac95f16d01a5a261161ce225719d)] -> id: salarytype]
2023-05-18 01:05:565 INFO  HomePage :121 - Select job from dropdown [[ChromeDriver: chrome on WINDOWS (cb8cac95f16d01a5a261161ce225719d)] -> id: tempperm]
2023-05-18 01:05:681 INFO  HomePage :125 - Clicking on:[[ChromeDriver: chrome on WINDOWS (cb8cac95f16d01a5a261161ce225719d)] -> id: hp-search-btn]
2023-05-18 01:05:291 INFO  HomePage :74 - Acceptcookies:[[ChromeDriver: chrome on WINDOWS (0932fc2b916fad6466ed82b8257758fb)] -> xpath: //button[@id='save']]
2023-05-18 01:05:841 INFO  HomePage :80 - Enter job title:[[ChromeDriver: chrome on WINDOWS (0932fc2b916fad6466ed82b8257758fb)] -> id: keywords]
2023-05-18 01:05:936 INFO  HomePage :85 - Enter location:[[ChromeDriver: chrome on WINDOWS (0932fc2b916fad6466ed82b8257758fb)] -> id: location]
2023-05-18 01:05:69 INFO  HomePage :90 - Select distance:[[ChromeDriver: chrome on WINDOWS (0932fc2b916fad6466ed82b8257758fb)] -> id: distance]
2023-05-18 01:05:196 INFO  HomePage :98 - Clicking on more search option :[[ChromeDriver: chrome on WINDOWS (0932fc2b916fad6466ed82b8257758fb)] -> id: toggle-hp-search]
2023-05-18 01:05:430 INFO  HomePage :104 - Enter minimum salary[[ChromeDriver: chrome on WINDOWS (0932fc2b916fad6466ed82b8257758fb)] -> id: salarymin]
2023-05-18 01:05:552 INFO  HomePage :109 - Enter maximum salary[[ChromeDriver: chrome on WINDOWS (0932fc2b916fad6466ed82b8257758fb)] -> id: salarymax]
2023-05-18 01:05:645 INFO  HomePage :115 - Select salary type from dropdown [[ChromeDriver: chrome on WINDOWS (0932fc2b916fad6466ed82b8257758fb)] -> id: salarytype]
2023-05-18 01:05:735 INFO  HomePage :121 - Select job from dropdown [[ChromeDriver: chrome on WINDOWS (0932fc2b916fad6466ed82b8257758fb)] -> id: tempperm]
2023-05-18 01:05:852 INFO  HomePage :125 - Clicking on:[[ChromeDriver: chrome on WINDOWS (0932fc2b916fad6466ed82b8257758fb)] -> id: hp-search-btn]
2023-05-18 02:05:679 INFO  HomePage :74 - Acceptcookies:[[ChromeDriver: chrome on WINDOWS (0d51efd7df5f586ed6d78158c78c2943)] -> xpath: //button[@id='save']]
2023-05-18 02:05:312 INFO  HomePage :80 - Enter job title:[[ChromeDriver: chrome on WINDOWS (0d51efd7df5f586ed6d78158c78c2943)] -> id: keywords]
2023-05-18 02:05:428 INFO  HomePage :85 - Enter location:[[ChromeDriver: chrome on WINDOWS (0d51efd7df5f586ed6d78158c78c2943)] -> id: location]
2023-05-18 02:05:563 INFO  HomePage :90 - Select distance:[[ChromeDriver: chrome on WINDOWS (0d51efd7df5f586ed6d78158c78c2943)] -> id: distance]
2023-05-18 02:05:668 INFO  HomePage :98 - Clicking on more search option :[[ChromeDriver: chrome on WINDOWS (0d51efd7df5f586ed6d78158c78c2943)] -> id: toggle-hp-search]
2023-05-18 02:05:829 INFO  HomePage :104 - Enter minimum salary[[ChromeDriver: chrome on WINDOWS (0d51efd7df5f586ed6d78158c78c2943)] -> id: salarymin]
2023-05-18 02:05:927 INFO  HomePage :109 - Enter maximum salary[[ChromeDriver: chrome on WINDOWS (0d51efd7df5f586ed6d78158c78c2943)] -> id: salarymax]
2023-05-18 02:05:40 INFO  HomePage :115 - Select salary type from dropdown [[ChromeDriver: chrome on WINDOWS (0d51efd7df5f586ed6d78158c78c2943)] -> id: salarytype]
2023-05-18 02:05:127 INFO  HomePage :121 - Select job from dropdown [[ChromeDriver: chrome on WINDOWS (0d51efd7df5f586ed6d78158c78c2943)] -> id: tempperm]
2023-05-18 02:05:229 INFO  HomePage :125 - Clicking on:[[ChromeDriver: chrome on WINDOWS (0d51efd7df5f586ed6d78158c78c2943)] -> id: hp-search-btn]
2023-05-18 02:05:324 INFO  HomePage :74 - Acceptcookies:[[ChromeDriver: chrome on WINDOWS (1df9a604ea30858bbab04e36b3240475)] -> xpath: //button[@id='save']]
2023-05-18 02:05:493 INFO  HomePage :80 - Enter job title:[[ChromeDriver: chrome on WINDOWS (1df9a604ea30858bbab04e36b3240475)] -> id: keywords]
2023-05-18 02:05:663 INFO  HomePage :85 - Enter location:[[ChromeDriver: chrome on WINDOWS (1df9a604ea30858bbab04e36b3240475)] -> id: location]
2023-05-18 02:05:815 INFO  HomePage :90 - Select distance:[[ChromeDriver: chrome on WINDOWS (1df9a604ea30858bbab04e36b3240475)] -> id: distance]
2023-05-18 02:05:958 INFO  HomePage :98 - Clicking on more search option :[[ChromeDriver: chrome on WINDOWS (1df9a604ea30858bbab04e36b3240475)] -> id: toggle-hp-search]
2023-05-18 02:05:169 INFO  HomePage :104 - Enter minimum salary[[ChromeDriver: chrome on WINDOWS (1df9a604ea30858bbab04e36b3240475)] -> id: salarymin]
2023-05-18 02:05:291 INFO  HomePage :109 - Enter maximum salary[[ChromeDriver: chrome on WINDOWS (1df9a604ea30858bbab04e36b3240475)] -> id: salarymax]
2023-05-18 02:05:444 INFO  HomePage :115 - Select salary type from dropdown [[ChromeDriver: chrome on WINDOWS (1df9a604ea30858bbab04e36b3240475)] -> id: salarytype]
2023-05-18 02:05:627 INFO  HomePage :121 - Select job from dropdown [[ChromeDriver: chrome on WINDOWS (1df9a604ea30858bbab04e36b3240475)] -> id: tempperm]
2023-05-18 02:05:815 INFO  HomePage :125 - Clicking on:[[ChromeDriver: chrome on WINDOWS (1df9a604ea30858bbab04e36b3240475)] -> id: hp-search-btn]
2023-05-18 02:05:675 INFO  HomePage :74 - Acceptcookies:[[ChromeDriver: chrome on WINDOWS (2b5a249c264d932335e147fd47f0eeeb)] -> xpath: //button[@id='save']]
2023-05-18 02:05:665 INFO  HomePage :80 - Enter job title:[[ChromeDriver: chrome on WINDOWS (2b5a249c264d932335e147fd47f0eeeb)] -> id: keywords]
2023-05-18 02:05:822 INFO  HomePage :85 - Enter location:[[ChromeDriver: chrome on WINDOWS (2b5a249c264d932335e147fd47f0eeeb)] -> id: location]
2023-05-18 02:05:952 INFO  HomePage :90 - Select distance:[[ChromeDriver: chrome on WINDOWS (2b5a249c264d932335e147fd47f0eeeb)] -> id: distance]
2023-05-18 02:05:192 INFO  HomePage :98 - Clicking on more search option :[[ChromeDriver: chrome on WINDOWS (2b5a249c264d932335e147fd47f0eeeb)] -> id: toggle-hp-search]
2023-05-18 02:05:390 INFO  HomePage :104 - Enter minimum salary[[ChromeDriver: chrome on WINDOWS (2b5a249c264d932335e147fd47f0eeeb)] -> id: salarymin]
2023-05-18 02:05:515 INFO  HomePage :109 - Enter maximum salary[[ChromeDriver: chrome on WINDOWS (2b5a249c264d932335e147fd47f0eeeb)] -> id: salarymax]
2023-05-18 02:05:670 INFO  HomePage :115 - Select salary type from dropdown [[ChromeDriver: chrome on WINDOWS (2b5a249c264d932335e147fd47f0eeeb)] -> id: salarytype]
2023-05-18 02:05:797 INFO  HomePage :121 - Select job from dropdown [[ChromeDriver: chrome on WINDOWS (2b5a249c264d932335e147fd47f0eeeb)] -> id: tempperm]
2023-05-18 02:05:984 INFO  HomePage :125 - Clicking on:[[ChromeDriver: chrome on WINDOWS (2b5a249c264d932335e147fd47f0eeeb)] -> id: hp-search-btn]
2023-05-18 02:05:457 INFO  HomePage :74 - Acceptcookies:[[ChromeDriver: chrome on WINDOWS (720bb9b4debcaddd74ae37decc7d59f4)] -> xpath: //button[@id='save']]
2023-05-18 02:05:552 INFO  HomePage :80 - Enter job title:[[ChromeDriver: chrome on WINDOWS (720bb9b4debcaddd74ae37decc7d59f4)] -> id: keywords]
2023-05-18 02:05:639 INFO  HomePage :85 - Enter location:[[ChromeDriver: chrome on WINDOWS (720bb9b4debcaddd74ae37decc7d59f4)] -> id: location]
2023-05-18 02:05:702 INFO  HomePage :90 - Select distance:[[ChromeDriver: chrome on WINDOWS (720bb9b4debcaddd74ae37decc7d59f4)] -> id: distance]
2023-05-18 02:05:776 INFO  HomePage :98 - Clicking on more search option :[[ChromeDriver: chrome on WINDOWS (720bb9b4debcaddd74ae37decc7d59f4)] -> id: toggle-hp-search]
2023-05-18 02:05:913 INFO  HomePage :104 - Enter minimum salary[[ChromeDriver: chrome on WINDOWS (720bb9b4debcaddd74ae37decc7d59f4)] -> id: salarymin]
2023-05-18 02:05:05 INFO  HomePage :109 - Enter maximum salary[[ChromeDriver: chrome on WINDOWS (720bb9b4debcaddd74ae37decc7d59f4)] -> id: salarymax]
2023-05-18 02:05:504 INFO  HomePage :115 - Select salary type from dropdown [[ChromeDriver: chrome on WINDOWS (720bb9b4debcaddd74ae37decc7d59f4)] -> id: salarytype]
2023-05-18 02:05:597 INFO  HomePage :121 - Select job from dropdown [[ChromeDriver: chrome on WINDOWS (720bb9b4debcaddd74ae37decc7d59f4)] -> id: tempperm]
2023-05-18 02:05:709 INFO  HomePage :125 - Clicking on:[[ChromeDriver: chrome on WINDOWS (720bb9b4debcaddd74ae37decc7d59f4)] -> id: hp-search-btn]
2023-05-18 02:05:03 INFO  HomePage :74 - Acceptcookies:[[ChromeDriver: chrome on WINDOWS (ff93700f577b4f3ef298688722598931)] -> xpath: //button[@id='save']]
2023-05-18 02:05:83 INFO  HomePage :80 - Enter job title:[[ChromeDriver: chrome on WINDOWS (ff93700f577b4f3ef298688722598931)] -> id: keywords]
2023-05-18 02:05:167 INFO  HomePage :85 - Enter location:[[ChromeDriver: chrome on WINDOWS (ff93700f577b4f3ef298688722598931)] -> id: location]
2023-05-18 02:05:222 INFO  HomePage :90 - Select distance:[[ChromeDriver: chrome on WINDOWS (ff93700f577b4f3ef298688722598931)] -> id: distance]
2023-05-18 02:05:283 INFO  HomePage :98 - Clicking on more search option :[[ChromeDriver: chrome on WINDOWS (ff93700f577b4f3ef298688722598931)] -> id: toggle-hp-search]
2023-05-18 02:05:393 INFO  HomePage :104 - Enter minimum salary[[ChromeDriver: chrome on WINDOWS (ff93700f577b4f3ef298688722598931)] -> id: salarymin]
2023-05-18 02:05:481 INFO  HomePage :109 - Enter maximum salary[[ChromeDriver: chrome on WINDOWS (ff93700f577b4f3ef298688722598931)] -> id: salarymax]
2023-05-18 02:05:602 INFO  HomePage :115 - Select salary type from dropdown [[ChromeDriver: chrome on WINDOWS (ff93700f577b4f3ef298688722598931)] -> id: salarytype]
2023-05-18 02:05:679 INFO  HomePage :121 - Select job from dropdown [[ChromeDriver: chrome on WINDOWS (ff93700f577b4f3ef298688722598931)] -> id: tempperm]
2023-05-18 02:05:758 INFO  HomePage :125 - Clicking on:[[ChromeDriver: chrome on WINDOWS (ff93700f577b4f3ef298688722598931)] -> id: hp-search-btn]
2023-05-18 02:05:198 INFO  HomePage :74 - Acceptcookies:[[ChromeDriver: chrome on WINDOWS (e31d6e40b42460a437b0e6d1c121b768)] -> xpath: //button[@id='save']]
2023-05-18 02:05:769 INFO  HomePage :80 - Enter job title:[[ChromeDriver: chrome on WINDOWS (e31d6e40b42460a437b0e6d1c121b768)] -> id: keywords]
2023-05-18 02:05:921 INFO  HomePage :85 - Enter location:[[ChromeDriver: chrome on WINDOWS (e31d6e40b42460a437b0e6d1c121b768)] -> id: location]
2023-05-18 02:05:73 INFO  HomePage :90 - Select distance:[[ChromeDriver: chrome on WINDOWS (e31d6e40b42460a437b0e6d1c121b768)] -> id: distance]
2023-05-18 02:05:189 INFO  HomePage :98 - Clicking on more search option :[[ChromeDriver: chrome on WINDOWS (e31d6e40b42460a437b0e6d1c121b768)] -> id: toggle-hp-search]
2023-05-18 02:05:346 INFO  HomePage :104 - Enter minimum salary[[ChromeDriver: chrome on WINDOWS (e31d6e40b42460a437b0e6d1c121b768)] -> id: salarymin]
2023-05-18 02:05:434 INFO  HomePage :109 - Enter maximum salary[[ChromeDriver: chrome on WINDOWS (e31d6e40b42460a437b0e6d1c121b768)] -> id: salarymax]
2023-05-18 02:05:543 INFO  HomePage :115 - Select salary type from dropdown [[ChromeDriver: chrome on WINDOWS (e31d6e40b42460a437b0e6d1c121b768)] -> id: salarytype]
2023-05-18 02:05:630 INFO  HomePage :121 - Select job from dropdown [[ChromeDriver: chrome on WINDOWS (e31d6e40b42460a437b0e6d1c121b768)] -> id: tempperm]
2023-05-18 02:05:734 INFO  HomePage :125 - Clicking on:[[ChromeDriver: chrome on WINDOWS (e31d6e40b42460a437b0e6d1c121b768)] -> id: hp-search-btn]
2023-05-18 02:05:251 INFO  HomePage :74 - Acceptcookies:[[ChromeDriver: chrome on WINDOWS (ff85bbddd258ba4ec9c6e3bb81b121e7)] -> xpath: //button[@id='save']]
2023-05-18 02:05:716 INFO  HomePage :80 - Enter job title:[[ChromeDriver: chrome on WINDOWS (ff85bbddd258ba4ec9c6e3bb81b121e7)] -> id: keywords]
2023-05-18 02:05:836 INFO  HomePage :85 - Enter location:[[ChromeDriver: chrome on WINDOWS (ff85bbddd258ba4ec9c6e3bb81b121e7)] -> id: location]
2023-05-18 02:05:915 INFO  HomePage :90 - Select distance:[[ChromeDriver: chrome on WINDOWS (ff85bbddd258ba4ec9c6e3bb81b121e7)] -> id: distance]
2023-05-18 02:05:181 INFO  HomePage :98 - Clicking on more search option :[[ChromeDriver: chrome on WINDOWS (ff85bbddd258ba4ec9c6e3bb81b121e7)] -> id: toggle-hp-search]
2023-05-18 02:05:326 INFO  HomePage :104 - Enter minimum salary[[ChromeDriver: chrome on WINDOWS (ff85bbddd258ba4ec9c6e3bb81b121e7)] -> id: salarymin]
2023-05-18 02:05:450 INFO  HomePage :109 - Enter maximum salary[[ChromeDriver: chrome on WINDOWS (ff85bbddd258ba4ec9c6e3bb81b121e7)] -> id: salarymax]
2023-05-18 02:05:564 INFO  HomePage :115 - Select salary type from dropdown [[ChromeDriver: chrome on WINDOWS (ff85bbddd258ba4ec9c6e3bb81b121e7)] -> id: salarytype]
2023-05-18 02:05:650 INFO  HomePage :121 - Select job from dropdown [[ChromeDriver: chrome on WINDOWS (ff85bbddd258ba4ec9c6e3bb81b121e7)] -> id: tempperm]
2023-05-18 02:05:753 INFO  HomePage :125 - Clicking on:[[ChromeDriver: chrome on WINDOWS (ff85bbddd258ba4ec9c6e3bb81b121e7)] -> id: hp-search-btn]
2023-05-18 02:05:141 INFO  HomePage :74 - Acceptcookies:[[ChromeDriver: chrome on WINDOWS (f2e77a58cbdacc8f7a6a960e42575ed8)] -> xpath: //button[@id='save']]
2023-05-18 02:05:676 INFO  HomePage :80 - Enter job title:[[ChromeDriver: chrome on WINDOWS (f2e77a58cbdacc8f7a6a960e42575ed8)] -> id: keywords]
2023-05-18 02:05:837 INFO  HomePage :85 - Enter location:[[ChromeDriver: chrome on WINDOWS (f2e77a58cbdacc8f7a6a960e42575ed8)] -> id: location]
2023-05-18 02:05:992 INFO  HomePage :90 - Select distance:[[ChromeDriver: chrome on WINDOWS (f2e77a58cbdacc8f7a6a960e42575ed8)] -> id: distance]
2023-05-18 02:05:205 INFO  HomePage :98 - Clicking on more search option :[[ChromeDriver: chrome on WINDOWS (f2e77a58cbdacc8f7a6a960e42575ed8)] -> id: toggle-hp-search]
2023-05-18 02:05:326 INFO  HomePage :104 - Enter minimum salary[[ChromeDriver: chrome on WINDOWS (f2e77a58cbdacc8f7a6a960e42575ed8)] -> id: salarymin]
2023-05-18 02:05:415 INFO  HomePage :109 - Enter maximum salary[[ChromeDriver: chrome on WINDOWS (f2e77a58cbdacc8f7a6a960e42575ed8)] -> id: salarymax]
2023-05-18 02:05:501 INFO  HomePage :115 - Select salary type from dropdown [[ChromeDriver: chrome on WINDOWS (f2e77a58cbdacc8f7a6a960e42575ed8)] -> id: salarytype]
2023-05-18 02:05:579 INFO  HomePage :121 - Select job from dropdown [[ChromeDriver: chrome on WINDOWS (f2e77a58cbdacc8f7a6a960e42575ed8)] -> id: tempperm]
2023-05-18 02:05:694 INFO  HomePage :125 - Clicking on:[[ChromeDriver: chrome on WINDOWS (f2e77a58cbdacc8f7a6a960e42575ed8)] -> id: hp-search-btn]
2023-05-18 02:05:127 INFO  HomePage :74 - Acceptcookies:[[ChromeDriver: chrome on WINDOWS (9cbb55fdc6f6a66033824618471d8013)] -> xpath: //button[@id='save']]
2023-05-18 02:05:606 INFO  HomePage :80 - Enter job title:[[ChromeDriver: chrome on WINDOWS (9cbb55fdc6f6a66033824618471d8013)] -> id: keywords]
2023-05-18 02:05:700 INFO  HomePage :85 - Enter location:[[ChromeDriver: chrome on WINDOWS (9cbb55fdc6f6a66033824618471d8013)] -> id: location]
2023-05-18 02:05:772 INFO  HomePage :90 - Select distance:[[ChromeDriver: chrome on WINDOWS (9cbb55fdc6f6a66033824618471d8013)] -> id: distance]
2023-05-18 02:05:974 INFO  HomePage :98 - Clicking on more search option :[[ChromeDriver: chrome on WINDOWS (9cbb55fdc6f6a66033824618471d8013)] -> id: toggle-hp-search]
2023-05-18 02:05:78 INFO  HomePage :104 - Enter minimum salary[[ChromeDriver: chrome on WINDOWS (9cbb55fdc6f6a66033824618471d8013)] -> id: salarymin]
2023-05-18 02:05:158 INFO  HomePage :109 - Enter maximum salary[[ChromeDriver: chrome on WINDOWS (9cbb55fdc6f6a66033824618471d8013)] -> id: salarymax]
2023-05-18 02:05:272 INFO  HomePage :115 - Select salary type from dropdown [[ChromeDriver: chrome on WINDOWS (9cbb55fdc6f6a66033824618471d8013)] -> id: salarytype]
2023-05-18 02:05:354 INFO  HomePage :121 - Select job from dropdown [[ChromeDriver: chrome on WINDOWS (9cbb55fdc6f6a66033824618471d8013)] -> id: tempperm]
2023-05-18 02:05:451 INFO  HomePage :125 - Clicking on:[[ChromeDriver: chrome on WINDOWS (9cbb55fdc6f6a66033824618471d8013)] -> id: hp-search-btn]
2023-05-18 02:05:622 INFO  HomePage :74 - Acceptcookies:[[ChromeDriver: chrome on WINDOWS (e3429b2da26fbb9c024682e6de7f5ebf)] -> xpath: //button[@id='save']]
2023-05-18 02:05:945 INFO  HomePage :80 - Enter job title:[[ChromeDriver: chrome on WINDOWS (e3429b2da26fbb9c024682e6de7f5ebf)] -> id: keywords]
2023-05-18 02:05:81 INFO  HomePage :85 - Enter location:[[ChromeDriver: chrome on WINDOWS (e3429b2da26fbb9c024682e6de7f5ebf)] -> id: location]
2023-05-18 02:05:142 INFO  HomePage :90 - Select distance:[[ChromeDriver: chrome on WINDOWS (e3429b2da26fbb9c024682e6de7f5ebf)] -> id: distance]
2023-05-18 02:05:243 INFO  HomePage :98 - Clicking on more search option :[[ChromeDriver: chrome on WINDOWS (e3429b2da26fbb9c024682e6de7f5ebf)] -> id: toggle-hp-search]
2023-05-18 02:05:385 INFO  HomePage :104 - Enter minimum salary[[ChromeDriver: chrome on WINDOWS (e3429b2da26fbb9c024682e6de7f5ebf)] -> id: salarymin]
2023-05-18 02:05:486 INFO  HomePage :109 - Enter maximum salary[[ChromeDriver: chrome on WINDOWS (e3429b2da26fbb9c024682e6de7f5ebf)] -> id: salarymax]
2023-05-18 02:05:594 INFO  HomePage :115 - Select salary type from dropdown [[ChromeDriver: chrome on WINDOWS (e3429b2da26fbb9c024682e6de7f5ebf)] -> id: salarytype]
2023-05-18 02:05:668 INFO  HomePage :121 - Select job from dropdown [[ChromeDriver: chrome on WINDOWS (e3429b2da26fbb9c024682e6de7f5ebf)] -> id: tempperm]
2023-05-18 02:05:778 INFO  HomePage :125 - Clicking on:[[ChromeDriver: chrome on WINDOWS (e3429b2da26fbb9c024682e6de7f5ebf)] -> id: hp-search-btn]
2023-05-18 02:05:867 INFO  HomePage :74 - Acceptcookies:[[ChromeDriver: chrome on WINDOWS (ab20761896806c4947a25520a2848572)] -> xpath: //button[@id='save']]
2023-05-18 02:05:945 INFO  HomePage :80 - Enter job title:[[ChromeDriver: chrome on WINDOWS (ab20761896806c4947a25520a2848572)] -> id: keywords]
2023-05-18 02:05:30 INFO  HomePage :85 - Enter location:[[ChromeDriver: chrome on WINDOWS (ab20761896806c4947a25520a2848572)] -> id: location]
2023-05-18 02:05:127 INFO  HomePage :90 - Select distance:[[ChromeDriver: chrome on WINDOWS (ab20761896806c4947a25520a2848572)] -> id: distance]
2023-05-18 02:05:196 INFO  HomePage :98 - Clicking on more search option :[[ChromeDriver: chrome on WINDOWS (ab20761896806c4947a25520a2848572)] -> id: toggle-hp-search]
2023-05-18 02:05:689 INFO  HomePage :104 - Enter minimum salary[[ChromeDriver: chrome on WINDOWS (ab20761896806c4947a25520a2848572)] -> id: salarymin]
2023-05-18 02:05:762 INFO  HomePage :109 - Enter maximum salary[[ChromeDriver: chrome on WINDOWS (ab20761896806c4947a25520a2848572)] -> id: salarymax]
2023-05-18 02:05:853 INFO  HomePage :115 - Select salary type from dropdown [[ChromeDriver: chrome on WINDOWS (ab20761896806c4947a25520a2848572)] -> id: salarytype]
2023-05-18 02:05:29 INFO  HomePage :121 - Select job from dropdown [[ChromeDriver: chrome on WINDOWS (ab20761896806c4947a25520a2848572)] -> id: tempperm]
2023-05-18 02:05:132 INFO  HomePage :125 - Clicking on:[[ChromeDriver: chrome on WINDOWS (ab20761896806c4947a25520a2848572)] -> id: hp-search-btn]
2023-05-18 02:05:770 INFO  HomePage :74 - Acceptcookies:[[ChromeDriver: chrome on WINDOWS (d515153005c4aabc46525b26452e9fad)] -> xpath: //button[@id='save']]
2023-05-18 02:05:249 INFO  HomePage :80 - Enter job title:[[ChromeDriver: chrome on WINDOWS (d515153005c4aabc46525b26452e9fad)] -> id: keywords]
2023-05-18 02:05:357 INFO  HomePage :85 - Enter location:[[ChromeDriver: chrome on WINDOWS (d515153005c4aabc46525b26452e9fad)] -> id: location]
2023-05-18 02:05:482 INFO  HomePage :74 - Acceptcookies:[[ChromeDriver: chrome on WINDOWS (e9f964207d6ae31dead9a7926934a050)] -> xpath: //button[@id='save']]
2023-05-18 02:05:977 INFO  HomePage :80 - Enter job title:[[ChromeDriver: chrome on WINDOWS (e9f964207d6ae31dead9a7926934a050)] -> id: keywords]
2023-05-18 02:05:100 INFO  HomePage :85 - Enter location:[[ChromeDriver: chrome on WINDOWS (e9f964207d6ae31dead9a7926934a050)] -> id: location]
2023-05-18 02:05:219 INFO  HomePage :90 - Select distance:[[ChromeDriver: chrome on WINDOWS (e9f964207d6ae31dead9a7926934a050)] -> id: distance]
2023-05-18 02:05:350 INFO  HomePage :98 - Clicking on more search option :[[ChromeDriver: chrome on WINDOWS (e9f964207d6ae31dead9a7926934a050)] -> id: toggle-hp-search]
2023-05-18 02:05:539 INFO  HomePage :104 - Enter minimum salary[[ChromeDriver: chrome on WINDOWS (e9f964207d6ae31dead9a7926934a050)] -> id: salarymin]
2023-05-18 02:05:620 INFO  HomePage :109 - Enter maximum salary[[ChromeDriver: chrome on WINDOWS (e9f964207d6ae31dead9a7926934a050)] -> id: salarymax]
2023-05-18 02:05:742 INFO  HomePage :115 - Select salary type from dropdown [[ChromeDriver: chrome on WINDOWS (e9f964207d6ae31dead9a7926934a050)] -> id: salarytype]
2023-05-18 02:05:830 INFO  HomePage :121 - Select job from dropdown [[ChromeDriver: chrome on WINDOWS (e9f964207d6ae31dead9a7926934a050)] -> id: tempperm]
2023-05-18 02:05:948 INFO  HomePage :125 - Clicking on:[[ChromeDriver: chrome on WINDOWS (e9f964207d6ae31dead9a7926934a050)] -> id: hp-search-btn]
2023-05-18 02:05:247 INFO  HomePage :74 - Acceptcookies:[[ChromeDriver: chrome on WINDOWS (6f10c385e9b971fbe534b397c09f00e5)] -> xpath: //button[@id='save']]
2023-05-18 02:05:753 INFO  HomePage :80 - Enter job title:[[ChromeDriver: chrome on WINDOWS (6f10c385e9b971fbe534b397c09f00e5)] -> id: keywords]
2023-05-18 02:05:833 INFO  HomePage :85 - Enter location:[[ChromeDriver: chrome on WINDOWS (6f10c385e9b971fbe534b397c09f00e5)] -> id: location]
2023-05-18 02:05:968 INFO  HomePage :90 - Select distance:[[ChromeDriver: chrome on WINDOWS (6f10c385e9b971fbe534b397c09f00e5)] -> id: distance]
2023-05-18 02:05:518 INFO  HomePage :98 - Clicking on more search option :[[ChromeDriver: chrome on WINDOWS (6f10c385e9b971fbe534b397c09f00e5)] -> id: toggle-hp-search]
2023-05-18 02:05:613 INFO  HomePage :104 - Enter minimum salary[[ChromeDriver: chrome on WINDOWS (6f10c385e9b971fbe534b397c09f00e5)] -> id: salarymin]
2023-05-18 02:05:678 INFO  HomePage :109 - Enter maximum salary[[ChromeDriver: chrome on WINDOWS (6f10c385e9b971fbe534b397c09f00e5)] -> id: salarymax]
2023-05-18 02:05:753 INFO  HomePage :115 - Select salary type from dropdown [[ChromeDriver: chrome on WINDOWS (6f10c385e9b971fbe534b397c09f00e5)] -> id: salarytype]
2023-05-18 02:05:840 INFO  HomePage :121 - Select job from dropdown [[ChromeDriver: chrome on WINDOWS (6f10c385e9b971fbe534b397c09f00e5)] -> id: tempperm]
2023-05-18 02:05:934 INFO  HomePage :125 - Clicking on:[[ChromeDriver: chrome on WINDOWS (6f10c385e9b971fbe534b397c09f00e5)] -> id: hp-search-btn]
2023-05-18 02:05:399 INFO  HomePage :74 - Acceptcookies:[[ChromeDriver: chrome on WINDOWS (6af5ee1d18c20f72905c0390c7aa0b45)] -> xpath: //button[@id='save']]
2023-05-18 02:05:897 INFO  HomePage :80 - Enter job title:[[ChromeDriver: chrome on WINDOWS (6af5ee1d18c20f72905c0390c7aa0b45)] -> id: keywords]
2023-05-18 02:05:986 INFO  HomePage :85 - Enter location:[[ChromeDriver: chrome on WINDOWS (6af5ee1d18c20f72905c0390c7aa0b45)] -> id: location]
2023-05-18 02:05:55 INFO  HomePage :90 - Select distance:[[ChromeDriver: chrome on WINDOWS (6af5ee1d18c20f72905c0390c7aa0b45)] -> id: distance]
2023-05-18 02:05:233 INFO  HomePage :98 - Clicking on more search option :[[ChromeDriver: chrome on WINDOWS (6af5ee1d18c20f72905c0390c7aa0b45)] -> id: toggle-hp-search]
2023-05-18 02:05:337 INFO  HomePage :104 - Enter minimum salary[[ChromeDriver: chrome on WINDOWS (6af5ee1d18c20f72905c0390c7aa0b45)] -> id: salarymin]
2023-05-18 02:05:436 INFO  HomePage :109 - Enter maximum salary[[ChromeDriver: chrome on WINDOWS (6af5ee1d18c20f72905c0390c7aa0b45)] -> id: salarymax]
2023-05-18 02:05:544 INFO  HomePage :115 - Select salary type from dropdown [[ChromeDriver: chrome on WINDOWS (6af5ee1d18c20f72905c0390c7aa0b45)] -> id: salarytype]
2023-05-18 02:05:622 INFO  HomePage :121 - Select job from dropdown [[ChromeDriver: chrome on WINDOWS (6af5ee1d18c20f72905c0390c7aa0b45)] -> id: tempperm]
2023-05-18 02:05:729 INFO  HomePage :125 - Clicking on:[[ChromeDriver: chrome on WINDOWS (6af5ee1d18c20f72905c0390c7aa0b45)] -> id: hp-search-btn]
2023-05-18 02:05:109 INFO  HomePage :74 - Acceptcookies:[[ChromeDriver: chrome on WINDOWS (690e74dd9cdac2efef9eb79312128b9f)] -> xpath: //button[@id='save']]
2023-05-18 02:05:581 INFO  HomePage :80 - Enter job title:[[ChromeDriver: chrome on WINDOWS (690e74dd9cdac2efef9eb79312128b9f)] -> id: keywords]
2023-05-18 02:05:682 INFO  HomePage :85 - Enter location:[[ChromeDriver: chrome on WINDOWS (690e74dd9cdac2efef9eb79312128b9f)] -> id: location]
2023-05-18 02:05:754 INFO  HomePage :90 - Select distance:[[ChromeDriver: chrome on WINDOWS (690e74dd9cdac2efef9eb79312128b9f)] -> id: distance]
2023-05-18 02:05:51 INFO  HomePage :98 - Clicking on more search option :[[ChromeDriver: chrome on WINDOWS (690e74dd9cdac2efef9eb79312128b9f)] -> id: toggle-hp-search]
2023-05-18 02:05:178 INFO  HomePage :104 - Enter minimum salary[[ChromeDriver: chrome on WINDOWS (690e74dd9cdac2efef9eb79312128b9f)] -> id: salarymin]
2023-05-18 02:05:280 INFO  HomePage :109 - Enter maximum salary[[ChromeDriver: chrome on WINDOWS (690e74dd9cdac2efef9eb79312128b9f)] -> id: salarymax]
2023-05-18 02:05:382 INFO  HomePage :115 - Select salary type from dropdown [[ChromeDriver: chrome on WINDOWS (690e74dd9cdac2efef9eb79312128b9f)] -> id: salarytype]
2023-05-18 02:05:458 INFO  HomePage :121 - Select job from dropdown [[ChromeDriver: chrome on WINDOWS (690e74dd9cdac2efef9eb79312128b9f)] -> id: tempperm]
2023-05-18 02:05:551 INFO  HomePage :125 - Clicking on:[[ChromeDriver: chrome on WINDOWS (690e74dd9cdac2efef9eb79312128b9f)] -> id: hp-search-btn]
2023-05-18 02:05:184 INFO  HomePage :74 - Acceptcookies:[[ChromeDriver: chrome on WINDOWS (49a1faa9b7fc315ad8ce890657696c2f)] -> xpath: //button[@id='save']]
2023-05-18 02:05:772 INFO  HomePage :80 - Enter job title:[[ChromeDriver: chrome on WINDOWS (49a1faa9b7fc315ad8ce890657696c2f)] -> id: keywords]
2023-05-18 02:05:910 INFO  HomePage :85 - Enter location:[[ChromeDriver: chrome on WINDOWS (49a1faa9b7fc315ad8ce890657696c2f)] -> id: location]
2023-05-18 02:05:27 INFO  HomePage :90 - Select distance:[[ChromeDriver: chrome on WINDOWS (49a1faa9b7fc315ad8ce890657696c2f)] -> id: distance]
2023-05-18 02:05:255 INFO  HomePage :98 - Clicking on more search option :[[ChromeDriver: chrome on WINDOWS (49a1faa9b7fc315ad8ce890657696c2f)] -> id: toggle-hp-search]
2023-05-18 02:05:341 INFO  HomePage :104 - Enter minimum salary[[ChromeDriver: chrome on WINDOWS (49a1faa9b7fc315ad8ce890657696c2f)] -> id: salarymin]
2023-05-18 02:05:409 INFO  HomePage :109 - Enter maximum salary[[ChromeDriver: chrome on WINDOWS (49a1faa9b7fc315ad8ce890657696c2f)] -> id: salarymax]
2023-05-18 02:05:501 INFO  HomePage :115 - Select salary type from dropdown [[ChromeDriver: chrome on WINDOWS (49a1faa9b7fc315ad8ce890657696c2f)] -> id: salarytype]
2023-05-18 02:05:578 INFO  HomePage :121 - Select job from dropdown [[ChromeDriver: chrome on WINDOWS (49a1faa9b7fc315ad8ce890657696c2f)] -> id: tempperm]
2023-05-18 02:05:671 INFO  HomePage :125 - Clicking on:[[ChromeDriver: chrome on WINDOWS (49a1faa9b7fc315ad8ce890657696c2f)] -> id: hp-search-btn]
2023-05-18 02:05:887 INFO  HomePage :74 - Acceptcookies:[[ChromeDriver: chrome on WINDOWS (d939a7061c92bf7fd8945fcb0056ee04)] -> xpath: //button[@id='save']]
2023-05-18 02:05:970 INFO  HomePage :80 - Enter job title:[[ChromeDriver: chrome on WINDOWS (d939a7061c92bf7fd8945fcb0056ee04)] -> id: keywords]
2023-05-18 02:05:52 INFO  HomePage :85 - Enter location:[[ChromeDriver: chrome on WINDOWS (d939a7061c92bf7fd8945fcb0056ee04)] -> id: location]
2023-05-18 02:05:144 INFO  HomePage :90 - Select distance:[[ChromeDriver: chrome on WINDOWS (d939a7061c92bf7fd8945fcb0056ee04)] -> id: distance]
2023-05-18 02:05:683 INFO  HomePage :98 - Clicking on more search option :[[ChromeDriver: chrome on WINDOWS (d939a7061c92bf7fd8945fcb0056ee04)] -> id: toggle-hp-search]
2023-05-18 02:05:834 INFO  HomePage :104 - Enter minimum salary[[ChromeDriver: chrome on WINDOWS (d939a7061c92bf7fd8945fcb0056ee04)] -> id: salarymin]
2023-05-18 02:05:918 INFO  HomePage :109 - Enter maximum salary[[ChromeDriver: chrome on WINDOWS (d939a7061c92bf7fd8945fcb0056ee04)] -> id: salarymax]
2023-05-18 02:05:15 INFO  HomePage :115 - Select salary type from dropdown [[ChromeDriver: chrome on WINDOWS (d939a7061c92bf7fd8945fcb0056ee04)] -> id: salarytype]
2023-05-18 02:05:89 INFO  HomePage :121 - Select job from dropdown [[ChromeDriver: chrome on WINDOWS (d939a7061c92bf7fd8945fcb0056ee04)] -> id: tempperm]
2023-05-18 02:05:182 INFO  HomePage :125 - Clicking on:[[ChromeDriver: chrome on WINDOWS (d939a7061c92bf7fd8945fcb0056ee04)] -> id: hp-search-btn]
2023-05-18 02:05:805 INFO  HomePage :74 - Acceptcookies:[[ChromeDriver: chrome on WINDOWS (639eb670ee0e681bd64a013e4bb85150)] -> xpath: //button[@id='save']]
2023-05-18 02:05:878 INFO  HomePage :80 - Enter job title:[[ChromeDriver: chrome on WINDOWS (639eb670ee0e681bd64a013e4bb85150)] -> id: keywords]
2023-05-18 02:05:960 INFO  HomePage :85 - Enter location:[[ChromeDriver: chrome on WINDOWS (639eb670ee0e681bd64a013e4bb85150)] -> id: location]
2023-05-18 02:05:12 INFO  HomePage :90 - Select distance:[[ChromeDriver: chrome on WINDOWS (639eb670ee0e681bd64a013e4bb85150)] -> id: distance]
2023-05-18 02:05:69 INFO  HomePage :98 - Clicking on more search option :[[ChromeDriver: chrome on WINDOWS (639eb670ee0e681bd64a013e4bb85150)] -> id: toggle-hp-search]
2023-05-18 02:05:183 INFO  HomePage :104 - Enter minimum salary[[ChromeDriver: chrome on WINDOWS (639eb670ee0e681bd64a013e4bb85150)] -> id: salarymin]
2023-05-18 02:05:279 INFO  HomePage :109 - Enter maximum salary[[ChromeDriver: chrome on WINDOWS (639eb670ee0e681bd64a013e4bb85150)] -> id: salarymax]
2023-05-18 02:05:375 INFO  HomePage :115 - Select salary type from dropdown [[ChromeDriver: chrome on WINDOWS (639eb670ee0e681bd64a013e4bb85150)] -> id: salarytype]
2023-05-18 02:05:447 INFO  HomePage :121 - Select job from dropdown [[ChromeDriver: chrome on WINDOWS (639eb670ee0e681bd64a013e4bb85150)] -> id: tempperm]
2023-05-18 02:05:520 INFO  HomePage :125 - Clicking on:[[ChromeDriver: chrome on WINDOWS (639eb670ee0e681bd64a013e4bb85150)] -> id: hp-search-btn]
2023-05-18 02:05:575 INFO  HomePage :74 - Acceptcookies:[[ChromeDriver: chrome on WINDOWS (11b2269d8244b41bcc3ef986dd61c203)] -> xpath: //button[@id='save']]
2023-05-18 02:05:195 INFO  HomePage :80 - Enter job title:[[ChromeDriver: chrome on WINDOWS (11b2269d8244b41bcc3ef986dd61c203)] -> id: keywords]
2023-05-18 02:05:287 INFO  HomePage :85 - Enter location:[[ChromeDriver: chrome on WINDOWS (11b2269d8244b41bcc3ef986dd61c203)] -> id: location]
2023-05-18 02:05:424 INFO  HomePage :90 - Select distance:[[ChromeDriver: chrome on WINDOWS (11b2269d8244b41bcc3ef986dd61c203)] -> id: distance]
2023-05-18 02:05:535 INFO  HomePage :98 - Clicking on more search option :[[ChromeDriver: chrome on WINDOWS (11b2269d8244b41bcc3ef986dd61c203)] -> id: toggle-hp-search]
2023-05-18 02:05:681 INFO  HomePage :104 - Enter minimum salary[[ChromeDriver: chrome on WINDOWS (11b2269d8244b41bcc3ef986dd61c203)] -> id: salarymin]
2023-05-18 02:05:777 INFO  HomePage :109 - Enter maximum salary[[ChromeDriver: chrome on WINDOWS (11b2269d8244b41bcc3ef986dd61c203)] -> id: salarymax]
2023-05-18 02:05:865 INFO  HomePage :115 - Select salary type from dropdown [[ChromeDriver: chrome on WINDOWS (11b2269d8244b41bcc3ef986dd61c203)] -> id: salarytype]
2023-05-18 02:05:936 INFO  HomePage :121 - Select job from dropdown [[ChromeDriver: chrome on WINDOWS (11b2269d8244b41bcc3ef986dd61c203)] -> id: tempperm]
2023-05-18 02:05:27 INFO  HomePage :125 - Clicking on:[[ChromeDriver: chrome on WINDOWS (11b2269d8244b41bcc3ef986dd61c203)] -> id: hp-search-btn]
2023-05-18 02:05:825 INFO  HomePage :74 - Acceptcookies:[[ChromeDriver: chrome on WINDOWS (f56708af93f933d9768a84bed9513b40)] -> xpath: //button[@id='save']]
2023-05-18 02:05:340 INFO  HomePage :80 - Enter job title:[[ChromeDriver: chrome on WINDOWS (f56708af93f933d9768a84bed9513b40)] -> id: keywords]
2023-05-18 02:05:488 INFO  HomePage :85 - Enter location:[[ChromeDriver: chrome on WINDOWS (f56708af93f933d9768a84bed9513b40)] -> id: location]
2023-05-18 02:05:599 INFO  HomePage :90 - Select distance:[[ChromeDriver: chrome on WINDOWS (f56708af93f933d9768a84bed9513b40)] -> id: distance]
2023-05-18 02:05:710 INFO  HomePage :98 - Clicking on more search option :[[ChromeDriver: chrome on WINDOWS (f56708af93f933d9768a84bed9513b40)] -> id: toggle-hp-search]
2023-05-18 02:05:880 INFO  HomePage :104 - Enter minimum salary[[ChromeDriver: chrome on WINDOWS (f56708af93f933d9768a84bed9513b40)] -> id: salarymin]
2023-05-18 02:05:957 INFO  HomePage :109 - Enter maximum salary[[ChromeDriver: chrome on WINDOWS (f56708af93f933d9768a84bed9513b40)] -> id: salarymax]
2023-05-18 02:05:64 INFO  HomePage :115 - Select salary type from dropdown [[ChromeDriver: chrome on WINDOWS (f56708af93f933d9768a84bed9513b40)] -> id: salarytype]
2023-05-18 02:05:148 INFO  HomePage :121 - Select job from dropdown [[ChromeDriver: chrome on WINDOWS (f56708af93f933d9768a84bed9513b40)] -> id: tempperm]
2023-05-18 02:05:257 INFO  HomePage :125 - Clicking on:[[ChromeDriver: chrome on WINDOWS (f56708af93f933d9768a84bed9513b40)] -> id: hp-search-btn]
2023-05-18 02:05:527 INFO  HomePage :74 - Acceptcookies:[[ChromeDriver: chrome on WINDOWS (748ca0a3a2ff1613a7a5f7808b02eaeb)] -> xpath: //button[@id='save']]
2023-05-18 02:05:951 INFO  HomePage :80 - Enter job title:[[ChromeDriver: chrome on WINDOWS (748ca0a3a2ff1613a7a5f7808b02eaeb)] -> id: keywords]
2023-05-18 02:05:136 INFO  HomePage :85 - Enter location:[[ChromeDriver: chrome on WINDOWS (748ca0a3a2ff1613a7a5f7808b02eaeb)] -> id: location]
2023-05-18 02:05:215 INFO  HomePage :90 - Select distance:[[ChromeDriver: chrome on WINDOWS (748ca0a3a2ff1613a7a5f7808b02eaeb)] -> id: distance]
2023-05-18 02:05:466 INFO  HomePage :98 - Clicking on more search option :[[ChromeDriver: chrome on WINDOWS (748ca0a3a2ff1613a7a5f7808b02eaeb)] -> id: toggle-hp-search]
2023-05-18 02:05:565 INFO  HomePage :104 - Enter minimum salary[[ChromeDriver: chrome on WINDOWS (748ca0a3a2ff1613a7a5f7808b02eaeb)] -> id: salarymin]
2023-05-18 02:05:665 INFO  HomePage :109 - Enter maximum salary[[ChromeDriver: chrome on WINDOWS (748ca0a3a2ff1613a7a5f7808b02eaeb)] -> id: salarymax]
2023-05-18 02:05:773 INFO  HomePage :115 - Select salary type from dropdown [[ChromeDriver: chrome on WINDOWS (748ca0a3a2ff1613a7a5f7808b02eaeb)] -> id: salarytype]
2023-05-18 02:05:849 INFO  HomePage :121 - Select job from dropdown [[ChromeDriver: chrome on WINDOWS (748ca0a3a2ff1613a7a5f7808b02eaeb)] -> id: tempperm]
2023-05-18 02:05:948 INFO  HomePage :125 - Clicking on:[[ChromeDriver: chrome on WINDOWS (748ca0a3a2ff1613a7a5f7808b02eaeb)] -> id: hp-search-btn]
2023-05-18 02:05:94 INFO  HomePage :74 - Acceptcookies:[[ChromeDriver: chrome on WINDOWS (7570f7c066676ade545134c8f360378c)] -> xpath: //button[@id='save']]
2023-05-18 02:05:532 INFO  HomePage :80 - Enter job title:[[ChromeDriver: chrome on WINDOWS (7570f7c066676ade545134c8f360378c)] -> id: keywords]
2023-05-18 02:05:626 INFO  HomePage :85 - Enter location:[[ChromeDriver: chrome on WINDOWS (7570f7c066676ade545134c8f360378c)] -> id: location]
2023-05-18 02:05:724 INFO  HomePage :90 - Select distance:[[ChromeDriver: chrome on WINDOWS (7570f7c066676ade545134c8f360378c)] -> id: distance]
2023-05-18 02:05:814 INFO  HomePage :98 - Clicking on more search option :[[ChromeDriver: chrome on WINDOWS (7570f7c066676ade545134c8f360378c)] -> id: toggle-hp-search]
2023-05-18 02:05:951 INFO  HomePage :104 - Enter minimum salary[[ChromeDriver: chrome on WINDOWS (7570f7c066676ade545134c8f360378c)] -> id: salarymin]
2023-05-18 02:05:61 INFO  HomePage :109 - Enter maximum salary[[ChromeDriver: chrome on WINDOWS (7570f7c066676ade545134c8f360378c)] -> id: salarymax]
2023-05-18 02:05:151 INFO  HomePage :115 - Select salary type from dropdown [[ChromeDriver: chrome on WINDOWS (7570f7c066676ade545134c8f360378c)] -> id: salarytype]
2023-05-18 02:05:229 INFO  HomePage :121 - Select job from dropdown [[ChromeDriver: chrome on WINDOWS (7570f7c066676ade545134c8f360378c)] -> id: tempperm]
2023-05-18 02:05:324 INFO  HomePage :125 - Clicking on:[[ChromeDriver: chrome on WINDOWS (7570f7c066676ade545134c8f360378c)] -> id: hp-search-btn]
2023-05-18 02:05:353 INFO  HomePage :74 - Acceptcookies:[[ChromeDriver: chrome on WINDOWS (ec902ba8557400558070f1564543eae4)] -> xpath: //button[@id='save']]
2023-05-18 02:05:817 INFO  HomePage :80 - Enter job title:[[ChromeDriver: chrome on WINDOWS (ec902ba8557400558070f1564543eae4)] -> id: keywords]
2023-05-18 02:05:931 INFO  HomePage :85 - Enter location:[[ChromeDriver: chrome on WINDOWS (ec902ba8557400558070f1564543eae4)] -> id: location]
2023-05-18 02:05:40 INFO  HomePage :90 - Select distance:[[ChromeDriver: chrome on WINDOWS (ec902ba8557400558070f1564543eae4)] -> id: distance]
2023-05-18 02:05:214 INFO  HomePage :98 - Clicking on more search option :[[ChromeDriver: chrome on WINDOWS (ec902ba8557400558070f1564543eae4)] -> id: toggle-hp-search]
2023-05-18 02:05:320 INFO  HomePage :104 - Enter minimum salary[[ChromeDriver: chrome on WINDOWS (ec902ba8557400558070f1564543eae4)] -> id: salarymin]
2023-05-18 02:05:418 INFO  HomePage :109 - Enter maximum salary[[ChromeDriver: chrome on WINDOWS (ec902ba8557400558070f1564543eae4)] -> id: salarymax]
2023-05-18 02:05:504 INFO  HomePage :115 - Select salary type from dropdown [[ChromeDriver: chrome on WINDOWS (ec902ba8557400558070f1564543eae4)] -> id: salarytype]
2023-05-18 02:05:585 INFO  HomePage :121 - Select job from dropdown [[ChromeDriver: chrome on WINDOWS (ec902ba8557400558070f1564543eae4)] -> id: tempperm]
2023-05-18 02:05:686 INFO  HomePage :125 - Clicking on:[[ChromeDriver: chrome on WINDOWS (ec902ba8557400558070f1564543eae4)] -> id: hp-search-btn]
2023-05-18 02:05:834 INFO  HomePage :74 - Acceptcookies:[[ChromeDriver: chrome on WINDOWS (18f1e9dac6a20af053b330bd1e7f7753)] -> xpath: //button[@id='save']]
2023-05-18 02:05:305 INFO  HomePage :80 - Enter job title:[[ChromeDriver: chrome on WINDOWS (18f1e9dac6a20af053b330bd1e7f7753)] -> id: keywords]
2023-05-18 02:05:406 INFO  HomePage :85 - Enter location:[[ChromeDriver: chrome on WINDOWS (18f1e9dac6a20af053b330bd1e7f7753)] -> id: location]
2023-05-18 02:05:468 INFO  HomePage :90 - Select distance:[[ChromeDriver: chrome on WINDOWS (18f1e9dac6a20af053b330bd1e7f7753)] -> id: distance]
2023-05-18 02:05:577 INFO  HomePage :98 - Clicking on more search option :[[ChromeDriver: chrome on WINDOWS (18f1e9dac6a20af053b330bd1e7f7753)] -> id: toggle-hp-search]
2023-05-18 02:05:732 INFO  HomePage :104 - Enter minimum salary[[ChromeDriver: chrome on WINDOWS (18f1e9dac6a20af053b330bd1e7f7753)] -> id: salarymin]
2023-05-18 02:05:817 INFO  HomePage :109 - Enter maximum salary[[ChromeDriver: chrome on WINDOWS (18f1e9dac6a20af053b330bd1e7f7753)] -> id: salarymax]
2023-05-18 02:05:926 INFO  HomePage :115 - Select salary type from dropdown [[ChromeDriver: chrome on WINDOWS (18f1e9dac6a20af053b330bd1e7f7753)] -> id: salarytype]
2023-05-18 02:05:04 INFO  HomePage :121 - Select job from dropdown [[ChromeDriver: chrome on WINDOWS (18f1e9dac6a20af053b330bd1e7f7753)] -> id: tempperm]
2023-05-18 02:05:94 INFO  HomePage :125 - Clicking on:[[ChromeDriver: chrome on WINDOWS (18f1e9dac6a20af053b330bd1e7f7753)] -> id: hp-search-btn]
2023-05-18 02:05:259 INFO  HomePage :74 - Acceptcookies:[[ChromeDriver: chrome on WINDOWS (27f52cd9cf54178e601b9fbf4206b032)] -> xpath: //button[@id='save']]
2023-05-18 02:05:658 INFO  HomePage :80 - Enter job title:[[ChromeDriver: chrome on WINDOWS (27f52cd9cf54178e601b9fbf4206b032)] -> id: keywords]
2023-05-18 02:05:725 INFO  HomePage :85 - Enter location:[[ChromeDriver: chrome on WINDOWS (27f52cd9cf54178e601b9fbf4206b032)] -> id: location]
2023-05-18 02:05:818 INFO  HomePage :90 - Select distance:[[ChromeDriver: chrome on WINDOWS (27f52cd9cf54178e601b9fbf4206b032)] -> id: distance]
2023-05-18 02:05:906 INFO  HomePage :98 - Clicking on more search option :[[ChromeDriver: chrome on WINDOWS (27f52cd9cf54178e601b9fbf4206b032)] -> id: toggle-hp-search]
2023-05-18 02:05:51 INFO  HomePage :104 - Enter minimum salary[[ChromeDriver: chrome on WINDOWS (27f52cd9cf54178e601b9fbf4206b032)] -> id: salarymin]
2023-05-18 02:05:143 INFO  HomePage :109 - Enter maximum salary[[ChromeDriver: chrome on WINDOWS (27f52cd9cf54178e601b9fbf4206b032)] -> id: salarymax]
2023-05-18 02:05:234 INFO  HomePage :115 - Select salary type from dropdown [[ChromeDriver: chrome on WINDOWS (27f52cd9cf54178e601b9fbf4206b032)] -> id: salarytype]
2023-05-18 02:05:312 INFO  HomePage :121 - Select job from dropdown [[ChromeDriver: chrome on WINDOWS (27f52cd9cf54178e601b9fbf4206b032)] -> id: tempperm]
2023-05-18 02:05:409 INFO  HomePage :125 - Clicking on:[[ChromeDriver: chrome on WINDOWS (27f52cd9cf54178e601b9fbf4206b032)] -> id: hp-search-btn]
2023-05-18 02:05:157 INFO  HomePage :74 - Acceptcookies:[[ChromeDriver: chrome on WINDOWS (92d9c6c44b03521e943246efd8143ccf)] -> xpath: //button[@id='save']]
2023-05-18 02:05:659 INFO  HomePage :80 - Enter job title:[[ChromeDriver: chrome on WINDOWS (92d9c6c44b03521e943246efd8143ccf)] -> id: keywords]
2023-05-18 02:05:772 INFO  HomePage :85 - Enter location:[[ChromeDriver: chrome on WINDOWS (92d9c6c44b03521e943246efd8143ccf)] -> id: location]
2023-05-18 02:05:843 INFO  HomePage :90 - Select distance:[[ChromeDriver: chrome on WINDOWS (92d9c6c44b03521e943246efd8143ccf)] -> id: distance]
2023-05-18 02:05:940 INFO  HomePage :98 - Clicking on more search option :[[ChromeDriver: chrome on WINDOWS (92d9c6c44b03521e943246efd8143ccf)] -> id: toggle-hp-search]
2023-05-18 02:05:134 INFO  HomePage :104 - Enter minimum salary[[ChromeDriver: chrome on WINDOWS (92d9c6c44b03521e943246efd8143ccf)] -> id: salarymin]
2023-05-18 02:05:211 INFO  HomePage :109 - Enter maximum salary[[ChromeDriver: chrome on WINDOWS (92d9c6c44b03521e943246efd8143ccf)] -> id: salarymax]
2023-05-18 02:05:326 INFO  HomePage :115 - Select salary type from dropdown [[ChromeDriver: chrome on WINDOWS (92d9c6c44b03521e943246efd8143ccf)] -> id: salarytype]
2023-05-18 02:05:418 INFO  HomePage :121 - Select job from dropdown [[ChromeDriver: chrome on WINDOWS (92d9c6c44b03521e943246efd8143ccf)] -> id: tempperm]
2023-05-18 02:05:528 INFO  HomePage :125 - Clicking on:[[ChromeDriver: chrome on WINDOWS (92d9c6c44b03521e943246efd8143ccf)] -> id: hp-search-btn]
2023-05-18 02:05:673 INFO  HomePage :74 - Acceptcookies:[[ChromeDriver: chrome on WINDOWS (6fbaeb638daa2f5af850ffe36622c9a2)] -> xpath: //button[@id='save']]
2023-05-18 02:05:130 INFO  HomePage :80 - Enter job title:[[ChromeDriver: chrome on WINDOWS (6fbaeb638daa2f5af850ffe36622c9a2)] -> id: keywords]
2023-05-18 02:05:239 INFO  HomePage :85 - Enter location:[[ChromeDriver: chrome on WINDOWS (6fbaeb638daa2f5af850ffe36622c9a2)] -> id: location]
2023-05-18 02:05:312 INFO  HomePage :90 - Select distance:[[ChromeDriver: chrome on WINDOWS (6fbaeb638daa2f5af850ffe36622c9a2)] -> id: distance]
2023-05-18 02:05:646 INFO  HomePage :98 - Clicking on more search option :[[ChromeDriver: chrome on WINDOWS (6fbaeb638daa2f5af850ffe36622c9a2)] -> id: toggle-hp-search]
2023-05-18 02:05:749 INFO  HomePage :104 - Enter minimum salary[[ChromeDriver: chrome on WINDOWS (6fbaeb638daa2f5af850ffe36622c9a2)] -> id: salarymin]
2023-05-18 02:05:857 INFO  HomePage :109 - Enter maximum salary[[ChromeDriver: chrome on WINDOWS (6fbaeb638daa2f5af850ffe36622c9a2)] -> id: salarymax]
2023-05-18 02:05:969 INFO  HomePage :115 - Select salary type from dropdown [[ChromeDriver: chrome on WINDOWS (6fbaeb638daa2f5af850ffe36622c9a2)] -> id: salarytype]
2023-05-18 02:05:48 INFO  HomePage :121 - Select job from dropdown [[ChromeDriver: chrome on WINDOWS (6fbaeb638daa2f5af850ffe36622c9a2)] -> id: tempperm]
2023-05-18 02:05:144 INFO  HomePage :125 - Clicking on:[[ChromeDriver: chrome on WINDOWS (6fbaeb638daa2f5af850ffe36622c9a2)] -> id: hp-search-btn]
2023-05-18 02:05:688 INFO  HomePage :74 - Acceptcookies:[[ChromeDriver: chrome on WINDOWS (04181ca7293d3ead43eb1d575e05db92)] -> xpath: //button[@id='save']]
2023-05-18 02:05:766 INFO  HomePage :80 - Enter job title:[[ChromeDriver: chrome on WINDOWS (04181ca7293d3ead43eb1d575e05db92)] -> id: keywords]
2023-05-18 02:05:849 INFO  HomePage :85 - Enter location:[[ChromeDriver: chrome on WINDOWS (04181ca7293d3ead43eb1d575e05db92)] -> id: location]
2023-05-18 02:05:937 INFO  HomePage :90 - Select distance:[[ChromeDriver: chrome on WINDOWS (04181ca7293d3ead43eb1d575e05db92)] -> id: distance]
2023-05-18 02:05:04 INFO  HomePage :98 - Clicking on more search option :[[ChromeDriver: chrome on WINDOWS (04181ca7293d3ead43eb1d575e05db92)] -> id: toggle-hp-search]
2023-05-18 02:05:104 INFO  HomePage :104 - Enter minimum salary[[ChromeDriver: chrome on WINDOWS (04181ca7293d3ead43eb1d575e05db92)] -> id: salarymin]
2023-05-18 02:05:206 INFO  HomePage :109 - Enter maximum salary[[ChromeDriver: chrome on WINDOWS (04181ca7293d3ead43eb1d575e05db92)] -> id: salarymax]
2023-05-18 02:05:291 INFO  HomePage :115 - Select salary type from dropdown [[ChromeDriver: chrome on WINDOWS (04181ca7293d3ead43eb1d575e05db92)] -> id: salarytype]
2023-05-18 02:05:366 INFO  HomePage :121 - Select job from dropdown [[ChromeDriver: chrome on WINDOWS (04181ca7293d3ead43eb1d575e05db92)] -> id: tempperm]
2023-05-18 02:05:439 INFO  HomePage :125 - Clicking on:[[ChromeDriver: chrome on WINDOWS (04181ca7293d3ead43eb1d575e05db92)] -> id: hp-search-btn]
2023-05-18 02:05:692 INFO  HomePage :74 - Acceptcookies:[[ChromeDriver: chrome on WINDOWS (b641cbc9a0b911b4008bfe414dbf4d6f)] -> xpath: //button[@id='save']]
2023-05-18 02:05:126 INFO  HomePage :80 - Enter job title:[[ChromeDriver: chrome on WINDOWS (b641cbc9a0b911b4008bfe414dbf4d6f)] -> id: keywords]
2023-05-18 02:05:272 INFO  HomePage :85 - Enter location:[[ChromeDriver: chrome on WINDOWS (b641cbc9a0b911b4008bfe414dbf4d6f)] -> id: location]
2023-05-18 02:05:373 INFO  HomePage :90 - Select distance:[[ChromeDriver: chrome on WINDOWS (b641cbc9a0b911b4008bfe414dbf4d6f)] -> id: distance]
2023-05-18 02:05:456 INFO  HomePage :98 - Clicking on more search option :[[ChromeDriver: chrome on WINDOWS (b641cbc9a0b911b4008bfe414dbf4d6f)] -> id: toggle-hp-search]
2023-05-18 02:05:652 INFO  HomePage :104 - Enter minimum salary[[ChromeDriver: chrome on WINDOWS (b641cbc9a0b911b4008bfe414dbf4d6f)] -> id: salarymin]
2023-05-18 02:05:731 INFO  HomePage :109 - Enter maximum salary[[ChromeDriver: chrome on WINDOWS (b641cbc9a0b911b4008bfe414dbf4d6f)] -> id: salarymax]
2023-05-18 02:05:814 INFO  HomePage :115 - Select salary type from dropdown [[ChromeDriver: chrome on WINDOWS (b641cbc9a0b911b4008bfe414dbf4d6f)] -> id: salarytype]
2023-05-18 02:05:888 INFO  HomePage :121 - Select job from dropdown [[ChromeDriver: chrome on WINDOWS (b641cbc9a0b911b4008bfe414dbf4d6f)] -> id: tempperm]
2023-05-18 02:05:992 INFO  HomePage :125 - Clicking on:[[ChromeDriver: chrome on WINDOWS (b641cbc9a0b911b4008bfe414dbf4d6f)] -> id: hp-search-btn]
2023-05-18 02:05:146 INFO  HomePage :74 - Acceptcookies:[[ChromeDriver: chrome on WINDOWS (7eff4b9ac737d405c798cc3b2cf7e5b1)] -> xpath: //button[@id='save']]
2023-05-18 02:05:584 INFO  HomePage :80 - Enter job title:[[ChromeDriver: chrome on WINDOWS (7eff4b9ac737d405c798cc3b2cf7e5b1)] -> id: keywords]
2023-05-18 02:05:701 INFO  HomePage :85 - Enter location:[[ChromeDriver: chrome on WINDOWS (7eff4b9ac737d405c798cc3b2cf7e5b1)] -> id: location]
2023-05-18 02:05:762 INFO  HomePage :90 - Select distance:[[ChromeDriver: chrome on WINDOWS (7eff4b9ac737d405c798cc3b2cf7e5b1)] -> id: distance]
2023-05-18 02:05:870 INFO  HomePage :98 - Clicking on more search option :[[ChromeDriver: chrome on WINDOWS (7eff4b9ac737d405c798cc3b2cf7e5b1)] -> id: toggle-hp-search]
2023-05-18 02:05:61 INFO  HomePage :104 - Enter minimum salary[[ChromeDriver: chrome on WINDOWS (7eff4b9ac737d405c798cc3b2cf7e5b1)] -> id: salarymin]
2023-05-18 02:05:138 INFO  HomePage :109 - Enter maximum salary[[ChromeDriver: chrome on WINDOWS (7eff4b9ac737d405c798cc3b2cf7e5b1)] -> id: salarymax]
2023-05-18 02:05:234 INFO  HomePage :115 - Select salary type from dropdown [[ChromeDriver: chrome on WINDOWS (7eff4b9ac737d405c798cc3b2cf7e5b1)] -> id: salarytype]
2023-05-18 02:05:312 INFO  HomePage :121 - Select job from dropdown [[ChromeDriver: chrome on WINDOWS (7eff4b9ac737d405c798cc3b2cf7e5b1)] -> id: tempperm]
2023-05-18 02:05:409 INFO  HomePage :125 - Clicking on:[[ChromeDriver: chrome on WINDOWS (7eff4b9ac737d405c798cc3b2cf7e5b1)] -> id: hp-search-btn]
2023-05-18 02:05:642 INFO  HomePage :74 - Acceptcookies:[[ChromeDriver: chrome on WINDOWS (e39f61d8afe1ae538f1f401efe1c45f1)] -> xpath: //button[@id='save']]
2023-05-18 02:05:102 INFO  HomePage :80 - Enter job title:[[ChromeDriver: chrome on WINDOWS (e39f61d8afe1ae538f1f401efe1c45f1)] -> id: keywords]
2023-05-18 02:05:212 INFO  HomePage :85 - Enter location:[[ChromeDriver: chrome on WINDOWS (e39f61d8afe1ae538f1f401efe1c45f1)] -> id: location]
2023-05-18 02:05:444 INFO  HomePage :90 - Select distance:[[ChromeDriver: chrome on WINDOWS (e39f61d8afe1ae538f1f401efe1c45f1)] -> id: distance]
2023-05-18 02:05:562 INFO  HomePage :98 - Clicking on more search option :[[ChromeDriver: chrome on WINDOWS (e39f61d8afe1ae538f1f401efe1c45f1)] -> id: toggle-hp-search]
2023-05-18 02:05:729 INFO  HomePage :104 - Enter minimum salary[[ChromeDriver: chrome on WINDOWS (e39f61d8afe1ae538f1f401efe1c45f1)] -> id: salarymin]
2023-05-18 02:05:828 INFO  HomePage :109 - Enter maximum salary[[ChromeDriver: chrome on WINDOWS (e39f61d8afe1ae538f1f401efe1c45f1)] -> id: salarymax]
2023-05-18 02:05:919 INFO  HomePage :115 - Select salary type from dropdown [[ChromeDriver: chrome on WINDOWS (e39f61d8afe1ae538f1f401efe1c45f1)] -> id: salarytype]
2023-05-18 02:05:02 INFO  HomePage :121 - Select job from dropdown [[ChromeDriver: chrome on WINDOWS (e39f61d8afe1ae538f1f401efe1c45f1)] -> id: tempperm]
2023-05-18 02:05:124 INFO  HomePage :125 - Clicking on:[[ChromeDriver: chrome on WINDOWS (e39f61d8afe1ae538f1f401efe1c45f1)] -> id: hp-search-btn]
2023-05-18 02:05:739 INFO  HomePage :74 - Acceptcookies:[[ChromeDriver: chrome on WINDOWS (f1d5bea54a76d0838c84458f471d5465)] -> xpath: //button[@id='save']]
2023-05-18 02:05:299 INFO  HomePage :80 - Enter job title:[[ChromeDriver: chrome on WINDOWS (f1d5bea54a76d0838c84458f471d5465)] -> id: keywords]
2023-05-18 02:05:407 INFO  HomePage :85 - Enter location:[[ChromeDriver: chrome on WINDOWS (f1d5bea54a76d0838c84458f471d5465)] -> id: location]
2023-05-18 02:05:476 INFO  HomePage :90 - Select distance:[[ChromeDriver: chrome on WINDOWS (f1d5bea54a76d0838c84458f471d5465)] -> id: distance]
2023-05-18 02:05:585 INFO  HomePage :98 - Clicking on more search option :[[ChromeDriver: chrome on WINDOWS (f1d5bea54a76d0838c84458f471d5465)] -> id: toggle-hp-search]
2023-05-18 02:05:731 INFO  HomePage :104 - Enter minimum salary[[ChromeDriver: chrome on WINDOWS (f1d5bea54a76d0838c84458f471d5465)] -> id: salarymin]
2023-05-18 02:05:819 INFO  HomePage :109 - Enter maximum salary[[ChromeDriver: chrome on WINDOWS (f1d5bea54a76d0838c84458f471d5465)] -> id: salarymax]
2023-05-18 02:05:950 INFO  HomePage :115 - Select salary type from dropdown [[ChromeDriver: chrome on WINDOWS (f1d5bea54a76d0838c84458f471d5465)] -> id: salarytype]
2023-05-18 02:05:33 INFO  HomePage :121 - Select job from dropdown [[ChromeDriver: chrome on WINDOWS (f1d5bea54a76d0838c84458f471d5465)] -> id: tempperm]
2023-05-18 02:05:126 INFO  HomePage :125 - Clicking on:[[ChromeDriver: chrome on WINDOWS (f1d5bea54a76d0838c84458f471d5465)] -> id: hp-search-btn]
2023-05-18 02:05:402 INFO  HomePage :74 - Acceptcookies:[[ChromeDriver: chrome on WINDOWS (19304b6f93afc419d41f2376419e988e)] -> xpath: //button[@id='save']]
2023-05-18 02:05:877 INFO  HomePage :80 - Enter job title:[[ChromeDriver: chrome on WINDOWS (19304b6f93afc419d41f2376419e988e)] -> id: keywords]
2023-05-18 02:05:998 INFO  HomePage :85 - Enter location:[[ChromeDriver: chrome on WINDOWS (19304b6f93afc419d41f2376419e988e)] -> id: location]
2023-05-18 02:05:90 INFO  HomePage :90 - Select distance:[[ChromeDriver: chrome on WINDOWS (19304b6f93afc419d41f2376419e988e)] -> id: distance]
2023-05-18 02:05:372 INFO  HomePage :98 - Clicking on more search option :[[ChromeDriver: chrome on WINDOWS (19304b6f93afc419d41f2376419e988e)] -> id: toggle-hp-search]
2023-05-18 02:05:510 INFO  HomePage :104 - Enter minimum salary[[ChromeDriver: chrome on WINDOWS (19304b6f93afc419d41f2376419e988e)] -> id: salarymin]
2023-05-18 02:05:605 INFO  HomePage :109 - Enter maximum salary[[ChromeDriver: chrome on WINDOWS (19304b6f93afc419d41f2376419e988e)] -> id: salarymax]
2023-05-18 02:05:718 INFO  HomePage :115 - Select salary type from dropdown [[ChromeDriver: chrome on WINDOWS (19304b6f93afc419d41f2376419e988e)] -> id: salarytype]
2023-05-18 02:05:796 INFO  HomePage :121 - Select job from dropdown [[ChromeDriver: chrome on WINDOWS (19304b6f93afc419d41f2376419e988e)] -> id: tempperm]
2023-05-18 02:05:906 INFO  HomePage :125 - Clicking on:[[ChromeDriver: chrome on WINDOWS (19304b6f93afc419d41f2376419e988e)] -> id: hp-search-btn]
2023-05-18 02:05:366 INFO  HomePage :74 - Acceptcookies:[[ChromeDriver: chrome on WINDOWS (5f5b49010bef1bd9558194be50250d23)] -> xpath: //button[@id='save']]
2023-05-18 02:05:798 INFO  HomePage :80 - Enter job title:[[ChromeDriver: chrome on WINDOWS (5f5b49010bef1bd9558194be50250d23)] -> id: keywords]
2023-05-18 02:05:904 INFO  HomePage :85 - Enter location:[[ChromeDriver: chrome on WINDOWS (5f5b49010bef1bd9558194be50250d23)] -> id: location]
2023-05-18 02:05:11 INFO  HomePage :90 - Select distance:[[ChromeDriver: chrome on WINDOWS (5f5b49010bef1bd9558194be50250d23)] -> id: distance]
2023-05-18 02:05:121 INFO  HomePage :98 - Clicking on more search option :[[ChromeDriver: chrome on WINDOWS (5f5b49010bef1bd9558194be50250d23)] -> id: toggle-hp-search]
2023-05-18 02:05:254 INFO  HomePage :104 - Enter minimum salary[[ChromeDriver: chrome on WINDOWS (5f5b49010bef1bd9558194be50250d23)] -> id: salarymin]
2023-05-18 02:05:350 INFO  HomePage :109 - Enter maximum salary[[ChromeDriver: chrome on WINDOWS (5f5b49010bef1bd9558194be50250d23)] -> id: salarymax]
2023-05-18 02:05:448 INFO  HomePage :115 - Select salary type from dropdown [[ChromeDriver: chrome on WINDOWS (5f5b49010bef1bd9558194be50250d23)] -> id: salarytype]
2023-05-18 02:05:522 INFO  HomePage :121 - Select job from dropdown [[ChromeDriver: chrome on WINDOWS (5f5b49010bef1bd9558194be50250d23)] -> id: tempperm]
2023-05-18 02:05:620 INFO  HomePage :125 - Clicking on:[[ChromeDriver: chrome on WINDOWS (5f5b49010bef1bd9558194be50250d23)] -> id: hp-search-btn]
2023-05-18 02:05:976 INFO  HomePage :74 - Acceptcookies:[[ChromeDriver: chrome on WINDOWS (07e8bdf04d6a05c584e14b58edb2854c)] -> xpath: //button[@id='save']]
2023-05-18 02:05:447 INFO  HomePage :80 - Enter job title:[[ChromeDriver: chrome on WINDOWS (07e8bdf04d6a05c584e14b58edb2854c)] -> id: keywords]
2023-05-18 02:05:562 INFO  HomePage :85 - Enter location:[[ChromeDriver: chrome on WINDOWS (07e8bdf04d6a05c584e14b58edb2854c)] -> id: location]
2023-05-18 02:05:677 INFO  HomePage :90 - Select distance:[[ChromeDriver: chrome on WINDOWS (07e8bdf04d6a05c584e14b58edb2854c)] -> id: distance]
2023-05-18 02:05:776 INFO  HomePage :98 - Clicking on more search option :[[ChromeDriver: chrome on WINDOWS (07e8bdf04d6a05c584e14b58edb2854c)] -> id: toggle-hp-search]
2023-05-18 02:05:966 INFO  HomePage :104 - Enter minimum salary[[ChromeDriver: chrome on WINDOWS (07e8bdf04d6a05c584e14b58edb2854c)] -> id: salarymin]
2023-05-18 02:05:50 INFO  HomePage :109 - Enter maximum salary[[ChromeDriver: chrome on WINDOWS (07e8bdf04d6a05c584e14b58edb2854c)] -> id: salarymax]
2023-05-18 02:05:131 INFO  HomePage :115 - Select salary type from dropdown [[ChromeDriver: chrome on WINDOWS (07e8bdf04d6a05c584e14b58edb2854c)] -> id: salarytype]
2023-05-18 02:05:210 INFO  HomePage :121 - Select job from dropdown [[ChromeDriver: chrome on WINDOWS (07e8bdf04d6a05c584e14b58edb2854c)] -> id: tempperm]
2023-05-18 02:05:326 INFO  HomePage :125 - Clicking on:[[ChromeDriver: chrome on WINDOWS (07e8bdf04d6a05c584e14b58edb2854c)] -> id: hp-search-btn]
2023-05-18 02:05:174 INFO  HomePage :74 - Acceptcookies:[[ChromeDriver: chrome on WINDOWS (30aa9ee85a6a26d43147bdc65f38391a)] -> xpath: //button[@id='save']]
2023-05-18 02:05:628 INFO  HomePage :80 - Enter job title:[[ChromeDriver: chrome on WINDOWS (30aa9ee85a6a26d43147bdc65f38391a)] -> id: keywords]
2023-05-18 02:05:738 INFO  HomePage :85 - Enter location:[[ChromeDriver: chrome on WINDOWS (30aa9ee85a6a26d43147bdc65f38391a)] -> id: location]
2023-05-18 02:05:798 INFO  HomePage :90 - Select distance:[[ChromeDriver: chrome on WINDOWS (30aa9ee85a6a26d43147bdc65f38391a)] -> id: distance]
2023-05-18 02:05:913 INFO  HomePage :98 - Clicking on more search option :[[ChromeDriver: chrome on WINDOWS (30aa9ee85a6a26d43147bdc65f38391a)] -> id: toggle-hp-search]
2023-05-18 02:05:133 INFO  HomePage :104 - Enter minimum salary[[ChromeDriver: chrome on WINDOWS (30aa9ee85a6a26d43147bdc65f38391a)] -> id: salarymin]
2023-05-18 02:05:214 INFO  HomePage :109 - Enter maximum salary[[ChromeDriver: chrome on WINDOWS (30aa9ee85a6a26d43147bdc65f38391a)] -> id: salarymax]
2023-05-18 02:05:314 INFO  HomePage :115 - Select salary type from dropdown [[ChromeDriver: chrome on WINDOWS (30aa9ee85a6a26d43147bdc65f38391a)] -> id: salarytype]
2023-05-18 02:05:395 INFO  HomePage :121 - Select job from dropdown [[ChromeDriver: chrome on WINDOWS (30aa9ee85a6a26d43147bdc65f38391a)] -> id: tempperm]
2023-05-18 02:05:489 INFO  HomePage :125 - Clicking on:[[ChromeDriver: chrome on WINDOWS (30aa9ee85a6a26d43147bdc65f38391a)] -> id: hp-search-btn]
2023-05-18 02:05:626 INFO  HomePage :74 - Acceptcookies:[[ChromeDriver: chrome on WINDOWS (16c4ac571d321949b9f907af5c963798)] -> xpath: //button[@id='save']]
2023-05-18 02:05:161 INFO  HomePage :80 - Enter job title:[[ChromeDriver: chrome on WINDOWS (16c4ac571d321949b9f907af5c963798)] -> id: keywords]
2023-05-18 02:05:270 INFO  HomePage :85 - Enter location:[[ChromeDriver: chrome on WINDOWS (16c4ac571d321949b9f907af5c963798)] -> id: location]
2023-05-18 02:05:464 INFO  HomePage :90 - Select distance:[[ChromeDriver: chrome on WINDOWS (16c4ac571d321949b9f907af5c963798)] -> id: distance]
2023-05-18 02:05:563 INFO  HomePage :98 - Clicking on more search option :[[ChromeDriver: chrome on WINDOWS (16c4ac571d321949b9f907af5c963798)] -> id: toggle-hp-search]
2023-05-18 02:05:714 INFO  HomePage :104 - Enter minimum salary[[ChromeDriver: chrome on WINDOWS (16c4ac571d321949b9f907af5c963798)] -> id: salarymin]
2023-05-18 02:05:806 INFO  HomePage :109 - Enter maximum salary[[ChromeDriver: chrome on WINDOWS (16c4ac571d321949b9f907af5c963798)] -> id: salarymax]
2023-05-18 02:05:903 INFO  HomePage :115 - Select salary type from dropdown [[ChromeDriver: chrome on WINDOWS (16c4ac571d321949b9f907af5c963798)] -> id: salarytype]
2023-05-18 02:05:980 INFO  HomePage :121 - Select job from dropdown [[ChromeDriver: chrome on WINDOWS (16c4ac571d321949b9f907af5c963798)] -> id: tempperm]
2023-05-18 02:05:84 INFO  HomePage :125 - Clicking on:[[ChromeDriver: chrome on WINDOWS (16c4ac571d321949b9f907af5c963798)] -> id: hp-search-btn]
